04/23/2024 02:24:12 PM: INFO: (message)s
04/23/2024 02:24:14 PM: INFO: (message)s
04/23/2024 02:24:14 PM: INFO: (message)s
04/23/2024 02:24:17 PM: INFO: (message)s
04/23/2024 02:24:22 PM: INFO: (message)s
04/23/2024 02:24:47 PM: INFO: (message)s
04/28/2024 08:45:45 AM: INFO: (message)s
04/28/2024 08:45:47 AM: INFO: (message)s
04/28/2024 08:45:47 AM: INFO: (message)s
04/28/2024 08:45:50 AM: INFO: (message)s
04/28/2024 08:45:54 AM: INFO: (message)s
04/28/2024 08:45:58 AM: INFO: (message)s
04/30/2024 08:13:33 AM: INFO: (message)s
04/30/2024 08:13:36 AM: INFO: (message)s
04/30/2024 08:13:36 AM: INFO: (message)s
04/30/2024 08:13:39 AM: INFO: (message)s
04/30/2024 08:13:42 AM: INFO: (message)s
04/30/2024 08:15:25 AM: INFO: (message)s
04/30/2024 08:15:27 AM: INFO: (message)s
04/30/2024 08:15:27 AM: INFO: (message)s
04/30/2024 08:15:31 AM: INFO: (message)s
04/30/2024 08:15:34 AM: INFO: (message)s
04/30/2024 08:18:33 AM: INFO: (message)s
04/30/2024 08:18:36 AM: INFO: (message)s
04/30/2024 08:18:36 AM: INFO: (message)s
04/30/2024 08:18:40 AM: INFO: (message)s
04/30/2024 08:18:40 AM: INFO: (message)s
04/30/2024 08:18:40 AM: INFO: (message)s
04/30/2024 08:18:44 AM: INFO: (message)s
04/30/2024 08:19:29 AM: INFO: (message)s
04/30/2024 08:19:32 AM: INFO: (message)s
04/30/2024 08:19:32 AM: INFO: (message)s
04/30/2024 08:19:35 AM: INFO: (message)s
04/30/2024 08:19:35 AM: INFO: (message)s
04/30/2024 08:19:37 AM: INFO: (message)s
04/30/2024 08:19:37 AM: INFO: (message)s
04/30/2024 08:19:39 AM: INFO: (message)s
04/30/2024 08:19:40 AM: INFO: (message)s
04/30/2024 08:19:42 AM: INFO: (message)s
04/30/2024 08:19:42 AM: INFO: (message)s
04/30/2024 08:19:44 AM: INFO: (message)s
04/30/2024 08:19:44 AM: INFO: (message)s
04/30/2024 08:19:46 AM: INFO: (message)s
04/30/2024 08:19:47 AM: INFO: (message)s
04/30/2024 08:19:49 AM: INFO: (message)s
04/30/2024 08:19:49 AM: INFO: (message)s
04/30/2024 08:19:51 AM: INFO: (message)s
04/30/2024 08:19:51 AM: INFO: (message)s
04/30/2024 08:19:53 AM: INFO: (message)s
04/30/2024 08:19:53 AM: INFO: (message)s
04/30/2024 08:19:55 AM: INFO: (message)s
04/30/2024 08:19:56 AM: INFO: (message)s
04/30/2024 08:19:58 AM: INFO: (message)s
04/30/2024 08:19:58 AM: INFO: (message)s
04/30/2024 08:20:00 AM: INFO: (message)s
04/30/2024 08:20:00 AM: INFO: (message)s
04/30/2024 08:20:02 AM: INFO: (message)s
04/30/2024 08:20:02 AM: INFO: (message)s
04/30/2024 08:20:04 AM: INFO: (message)s
04/30/2024 08:20:05 AM: INFO: (message)s
04/30/2024 08:20:07 AM: INFO: (message)s
04/30/2024 08:20:07 AM: INFO: (message)s
04/30/2024 08:20:09 AM: INFO: (message)s
04/30/2024 08:20:09 AM: INFO: (message)s
04/30/2024 08:20:11 AM: INFO: (message)s
04/30/2024 08:20:11 AM: INFO: (message)s
04/30/2024 08:20:13 AM: INFO: (message)s
04/30/2024 08:20:14 AM: INFO: (message)s
04/30/2024 08:20:16 AM: INFO: (message)s
04/30/2024 08:20:21 AM: INFO: (message)s
04/30/2024 08:44:44 AM: INFO: (message)s
04/30/2024 08:44:48 AM: INFO: (message)s
04/30/2024 08:44:49 AM: INFO: (message)s
04/30/2024 08:44:53 AM: INFO: (message)s
04/30/2024 08:44:54 AM: INFO: (message)s
04/30/2024 08:44:57 AM: INFO: (message)s
04/30/2024 08:44:57 AM: INFO: (message)s
04/30/2024 08:44:59 AM: INFO: (message)s
04/30/2024 08:45:07 AM: INFO: (message)s
04/30/2024 08:54:59 AM: INFO: (message)s
04/30/2024 08:55:04 AM: INFO: (message)s
04/30/2024 08:55:05 AM: INFO: (message)s
04/30/2024 08:55:10 AM: INFO: (message)s
04/30/2024 08:55:11 AM: INFO: (message)s
04/30/2024 08:55:14 AM: INFO: (message)s
04/30/2024 08:55:14 AM: INFO: (message)s
04/30/2024 08:55:16 AM: INFO: (message)s
04/30/2024 08:55:34 AM: INFO: (message)s
04/30/2024 10:31:17 AM: INFO: (message)s
04/30/2024 10:31:20 AM: INFO: (message)s
04/30/2024 10:31:22 AM: INFO: (message)s
04/30/2024 10:31:26 AM: INFO: (message)s
04/30/2024 10:31:27 AM: INFO: (message)s
04/30/2024 10:31:29 AM: INFO: (message)s
04/30/2024 10:31:29 AM: INFO: (message)s
04/30/2024 10:31:31 AM: INFO: (message)s
04/30/2024 10:31:31 AM: INFO: (message)s
04/30/2024 10:03:48 PM: INFO: (message)s
04/30/2024 10:03:51 PM: INFO: (message)s
04/30/2024 10:03:54 PM: INFO: (message)s
04/30/2024 10:03:56 PM: INFO: (message)s
04/30/2024 10:03:57 PM: INFO: (message)s
04/30/2024 10:03:59 PM: INFO: (message)s
04/30/2024 10:04:00 PM: INFO: (message)s
04/30/2024 10:04:02 PM: INFO: (message)s
04/30/2024 10:04:02 PM: INFO: (message)s
04/30/2024 10:04:05 PM: INFO: (message)s
04/30/2024 10:04:05 PM: INFO: (message)s
04/30/2024 10:29:34 PM: INFO: (message)s
04/30/2024 10:29:38 PM: INFO: (message)s
04/30/2024 10:29:39 PM: INFO: (message)s
04/30/2024 10:29:39 PM: INFO: (message)s
04/30/2024 10:29:44 PM: INFO: (message)s
04/30/2024 10:29:48 PM: INFO: (message)s
04/30/2024 10:29:49 PM: INFO: (message)s
04/30/2024 10:29:50 PM: INFO: (message)s
04/30/2024 10:29:51 PM: INFO: (message)s
04/30/2024 10:29:53 PM: INFO: (message)s
04/30/2024 10:29:53 PM: INFO: (message)s
04/30/2024 10:29:55 PM: INFO: (message)s
04/30/2024 10:29:55 PM: INFO: (message)s
04/30/2024 10:30:58 PM: INFO: (message)s
04/30/2024 10:31:01 PM: INFO: (message)s
04/30/2024 10:31:02 PM: INFO: (message)s
04/30/2024 10:31:02 PM: INFO: (message)s
04/30/2024 10:31:07 PM: INFO: (message)s
04/30/2024 10:31:11 PM: INFO: (message)s
04/30/2024 10:31:12 PM: INFO: (message)s
04/30/2024 10:31:13 PM: INFO: (message)s
04/30/2024 10:31:14 PM: INFO: (message)s
04/30/2024 10:31:16 PM: INFO: (message)s
04/30/2024 10:31:16 PM: INFO: (message)s
04/30/2024 10:31:18 PM: INFO: (message)s
04/30/2024 10:31:18 PM: INFO: (message)s
04/30/2024 10:32:25 PM: INFO: (message)s
04/30/2024 10:32:27 PM: INFO: (message)s
04/30/2024 10:32:28 PM: INFO: (message)s
04/30/2024 10:32:28 PM: INFO: (message)s
04/30/2024 10:32:34 PM: INFO: (message)s
04/30/2024 10:32:43 PM: INFO: (message)s
04/30/2024 10:32:43 PM: INFO: (message)s
04/30/2024 10:32:45 PM: INFO: (message)s
04/30/2024 10:32:45 PM: INFO: (message)s
04/30/2024 10:32:48 PM: INFO: (message)s
04/30/2024 10:32:48 PM: INFO: (message)s
04/30/2024 10:32:51 PM: INFO: (message)s
04/30/2024 10:32:51 PM: INFO: (message)s
04/30/2024 10:33:06 PM: INFO: (message)s
04/30/2024 10:33:09 PM: INFO: (message)s
04/30/2024 10:33:10 PM: INFO: (message)s
04/30/2024 10:33:11 PM: INFO: (message)s
04/30/2024 10:33:16 PM: INFO: (message)s
04/30/2024 10:33:20 PM: INFO: (message)s
04/30/2024 10:33:21 PM: INFO: (message)s
04/30/2024 10:33:22 PM: INFO: (message)s
04/30/2024 10:33:23 PM: INFO: (message)s
04/30/2024 10:33:25 PM: INFO: (message)s
04/30/2024 10:33:25 PM: INFO: (message)s
04/30/2024 10:33:27 PM: INFO: (message)s
04/30/2024 10:33:27 PM: INFO: (message)s
04/30/2024 10:36:32 PM: INFO: (message)s
04/30/2024 10:36:34 PM: INFO: (message)s
04/30/2024 10:36:36 PM: INFO: (message)s
04/30/2024 10:36:36 PM: INFO: (message)s
04/30/2024 10:45:42 PM: INFO: (message)s
04/30/2024 10:45:46 PM: INFO: (message)s
04/30/2024 10:45:47 PM: INFO: (message)s
04/30/2024 10:45:47 PM: INFO: (message)s
04/30/2024 10:46:24 PM: INFO: (message)s
04/30/2024 10:46:28 PM: INFO: (message)s
04/30/2024 10:46:29 PM: INFO: (message)s
04/30/2024 10:46:30 PM: INFO: (message)s
04/30/2024 10:49:24 PM: INFO: (message)s
04/30/2024 10:49:27 PM: INFO: (message)s
04/30/2024 10:49:28 PM: INFO: (message)s
04/30/2024 10:49:28 PM: INFO: (message)s
04/30/2024 10:49:37 PM: INFO: (message)s
04/30/2024 10:50:24 PM: INFO: (message)s
04/30/2024 10:50:27 PM: INFO: (message)s
04/30/2024 10:50:28 PM: INFO: (message)s
04/30/2024 10:50:28 PM: INFO: (message)s
04/30/2024 10:50:42 PM: INFO: (message)s
04/30/2024 10:50:48 PM: INFO: (message)s
04/30/2024 10:53:25 PM: INFO: (message)s
04/30/2024 10:53:27 PM: INFO: (message)s
04/30/2024 10:53:29 PM: INFO: (message)s
04/30/2024 10:53:31 PM: INFO: (message)s
04/30/2024 10:53:56 PM: WARNING: (message)s
04/30/2024 10:54:00 PM: WARNING: (message)s
04/30/2024 10:54:04 PM: WARNING: (message)s
04/30/2024 10:54:21 PM: INFO: (message)s
04/30/2024 10:54:24 PM: INFO: (message)s
04/30/2024 10:54:25 PM: INFO: (message)s
04/30/2024 10:54:26 PM: INFO: (message)s
04/30/2024 10:54:33 PM: INFO: (message)s
04/30/2024 10:54:39 PM: INFO: (message)s
04/30/2024 10:58:53 PM: INFO: (message)s
04/30/2024 10:58:56 PM: INFO: (message)s
04/30/2024 10:58:57 PM: INFO: (message)s
04/30/2024 10:58:57 PM: INFO: (message)s
04/30/2024 10:59:06 PM: INFO: (message)s
04/30/2024 10:59:12 PM: INFO: (message)s
04/30/2024 11:01:03 PM: INFO: (message)s
04/30/2024 11:01:05 PM: INFO: (message)s
04/30/2024 11:01:06 PM: INFO: (message)s
04/30/2024 11:01:07 PM: INFO: (message)s
04/30/2024 11:01:13 PM: INFO: (message)s
04/30/2024 11:01:18 PM: INFO: (message)s
04/30/2024 11:02:16 PM: INFO: (message)s
04/30/2024 11:02:19 PM: INFO: (message)s
04/30/2024 11:02:20 PM: INFO: (message)s
04/30/2024 11:02:20 PM: INFO: (message)s
04/30/2024 11:02:27 PM: INFO: (message)s
04/30/2024 11:02:31 PM: INFO: (message)s
05/01/2024 07:04:33 AM: INFO: (message)s
05/01/2024 07:04:35 AM: INFO: (message)s
05/01/2024 07:04:48 AM: INFO: (message)s
05/01/2024 07:04:51 AM: INFO: (message)s
05/01/2024 07:05:17 AM: INFO: (message)s
05/01/2024 07:05:19 AM: INFO: (message)s
05/01/2024 07:05:43 AM: INFO: (message)s
05/01/2024 07:05:45 AM: INFO: (message)s
05/01/2024 07:06:19 AM: INFO: (message)s
05/01/2024 07:06:21 AM: INFO: (message)s
05/01/2024 07:07:11 AM: INFO: (message)s
05/01/2024 07:07:13 AM: INFO: (message)s
05/01/2024 07:07:13 AM: INFO: (message)s
05/01/2024 07:08:31 AM: INFO: (message)s
05/01/2024 07:08:33 AM: INFO: (message)s
05/01/2024 07:08:33 AM: INFO: (message)s
05/01/2024 07:08:33 AM: INFO: (message)s
05/01/2024 07:08:37 AM: INFO: (message)s
05/01/2024 07:09:18 AM: INFO: (message)s
05/01/2024 07:09:20 AM: INFO: (message)s
05/01/2024 07:09:21 AM: INFO: (message)s
05/01/2024 07:09:21 AM: INFO: (message)s
05/01/2024 07:09:24 AM: INFO: (message)s
05/01/2024 07:09:49 AM: INFO: (message)s
05/01/2024 07:09:51 AM: INFO: (message)s
05/01/2024 07:09:51 AM: INFO: (message)s
05/01/2024 07:09:51 AM: INFO: (message)s
05/01/2024 07:09:55 AM: INFO: (message)s
05/01/2024 08:02:40 AM: INFO: (message)s
05/01/2024 08:02:42 AM: INFO: (message)s
05/01/2024 08:02:45 AM: INFO: (message)s
05/01/2024 08:02:47 AM: INFO: (message)s
05/01/2024 08:03:31 AM: INFO: (message)s
05/01/2024 08:03:34 AM: INFO: (message)s
05/01/2024 08:03:37 AM: INFO: (message)s
05/01/2024 08:03:39 AM: INFO: (message)s
05/01/2024 08:03:39 AM: INFO: (message)s
05/01/2024 08:03:39 AM: INFO: (message)s
05/01/2024 08:07:08 AM: INFO: (message)s
05/01/2024 08:07:11 AM: INFO: (message)s
05/01/2024 08:07:14 AM: INFO: (message)s
05/01/2024 08:07:16 AM: INFO: (message)s
05/01/2024 08:07:16 AM: INFO: (message)s
05/01/2024 08:07:16 AM: INFO: (message)s
05/01/2024 08:07:16 AM: INFO: (message)s
05/01/2024 08:07:16 AM: INFO: (message)s
05/01/2024 08:07:16 AM: INFO: (message)s
05/01/2024 08:07:16 AM: INFO: (message)s
05/01/2024 08:07:16 AM: INFO: (message)s
05/01/2024 08:07:16 AM: INFO: (message)s
05/01/2024 08:07:16 AM: INFO: (message)s
05/01/2024 08:07:16 AM: INFO: (message)s
05/01/2024 08:07:16 AM: INFO: (message)s
05/01/2024 08:07:16 AM: INFO: (message)s
05/01/2024 08:07:16 AM: INFO: (message)s
05/01/2024 08:07:16 AM: INFO: (message)s
05/01/2024 08:07:17 AM: INFO: (message)s
05/01/2024 08:07:17 AM: INFO: (message)s
05/01/2024 08:07:17 AM: INFO: (message)s
05/01/2024 08:07:17 AM: INFO: (message)s
05/01/2024 08:07:17 AM: INFO: (message)s
05/01/2024 08:07:17 AM: INFO: (message)s
05/01/2024 08:07:17 AM: INFO: (message)s
05/01/2024 08:07:17 AM: INFO: (message)s
05/01/2024 08:07:17 AM: INFO: (message)s
05/01/2024 08:07:17 AM: INFO: (message)s
05/01/2024 08:07:17 AM: INFO: (message)s
05/01/2024 08:07:17 AM: INFO: (message)s
05/01/2024 08:07:17 AM: INFO: (message)s
05/01/2024 08:07:17 AM: INFO: (message)s
05/01/2024 08:07:17 AM: INFO: (message)s
05/01/2024 08:07:17 AM: INFO: (message)s
05/01/2024 08:07:17 AM: INFO: (message)s
05/01/2024 08:07:17 AM: INFO: (message)s
05/01/2024 08:07:17 AM: INFO: (message)s
05/01/2024 08:07:17 AM: INFO: (message)s
05/01/2024 08:07:17 AM: INFO: (message)s
05/01/2024 08:07:17 AM: INFO: (message)s
05/01/2024 08:07:17 AM: INFO: (message)s
05/01/2024 08:07:17 AM: INFO: (message)s
05/01/2024 08:07:17 AM: INFO: (message)s
05/01/2024 08:07:17 AM: INFO: (message)s
05/01/2024 08:07:17 AM: INFO: (message)s
05/01/2024 08:07:17 AM: INFO: (message)s
05/01/2024 08:07:17 AM: INFO: (message)s
05/01/2024 08:07:17 AM: INFO: (message)s
05/01/2024 08:07:17 AM: INFO: (message)s
05/01/2024 08:07:17 AM: INFO: (message)s
05/01/2024 08:07:17 AM: INFO: (message)s
05/01/2024 08:07:17 AM: INFO: (message)s
05/01/2024 08:07:17 AM: INFO: (message)s
05/01/2024 08:07:17 AM: INFO: (message)s
05/01/2024 08:07:18 AM: INFO: (message)s
05/01/2024 08:07:18 AM: INFO: (message)s
05/01/2024 08:07:49 AM: INFO: (message)s
05/01/2024 08:07:51 AM: INFO: (message)s
05/01/2024 08:07:55 AM: INFO: (message)s
05/01/2024 08:07:56 AM: INFO: (message)s
05/01/2024 08:07:57 AM: INFO: (message)s
05/01/2024 08:07:57 AM: INFO: (message)s
05/01/2024 08:07:57 AM: INFO: (message)s
05/01/2024 08:07:57 AM: INFO: (message)s
05/01/2024 08:07:57 AM: INFO: (message)s
05/01/2024 08:07:57 AM: INFO: (message)s
05/01/2024 08:07:57 AM: INFO: (message)s
05/01/2024 08:07:57 AM: INFO: (message)s
05/01/2024 08:07:57 AM: INFO: (message)s
05/01/2024 08:07:57 AM: INFO: (message)s
05/01/2024 08:07:57 AM: INFO: (message)s
05/01/2024 08:07:57 AM: INFO: (message)s
05/01/2024 08:07:57 AM: INFO: (message)s
05/01/2024 08:07:57 AM: INFO: (message)s
05/01/2024 08:07:57 AM: INFO: (message)s
05/01/2024 08:07:57 AM: INFO: (message)s
05/01/2024 08:07:57 AM: INFO: (message)s
05/01/2024 08:07:57 AM: INFO: (message)s
05/01/2024 08:07:57 AM: INFO: (message)s
05/01/2024 08:07:57 AM: INFO: (message)s
05/01/2024 08:07:58 AM: INFO: (message)s
05/01/2024 08:07:58 AM: INFO: (message)s
05/01/2024 08:07:58 AM: INFO: (message)s
05/01/2024 08:07:58 AM: INFO: (message)s
05/01/2024 08:07:58 AM: INFO: (message)s
05/01/2024 08:07:58 AM: INFO: (message)s
05/01/2024 08:07:58 AM: INFO: (message)s
05/01/2024 08:07:58 AM: INFO: (message)s
05/01/2024 08:07:58 AM: INFO: (message)s
05/01/2024 08:07:58 AM: INFO: (message)s
05/01/2024 08:07:58 AM: INFO: (message)s
05/01/2024 08:07:58 AM: INFO: (message)s
05/01/2024 08:07:58 AM: INFO: (message)s
05/01/2024 08:07:58 AM: INFO: (message)s
05/01/2024 08:07:58 AM: INFO: (message)s
05/01/2024 08:07:58 AM: INFO: (message)s
05/01/2024 08:07:58 AM: INFO: (message)s
05/01/2024 08:07:58 AM: INFO: (message)s
05/01/2024 08:07:58 AM: INFO: (message)s
05/01/2024 08:07:58 AM: INFO: (message)s
05/01/2024 08:07:58 AM: INFO: (message)s
05/01/2024 08:07:58 AM: INFO: (message)s
05/01/2024 08:07:58 AM: INFO: (message)s
05/01/2024 08:07:58 AM: INFO: (message)s
05/01/2024 08:07:58 AM: INFO: (message)s
05/01/2024 08:07:58 AM: INFO: (message)s
05/01/2024 08:07:58 AM: INFO: (message)s
05/01/2024 08:07:58 AM: INFO: (message)s
05/01/2024 08:07:58 AM: INFO: (message)s
05/01/2024 08:07:58 AM: INFO: (message)s
05/01/2024 08:07:58 AM: INFO: (message)s
05/01/2024 08:07:58 AM: INFO: (message)s
05/01/2024 12:44:02 PM: INFO: (message)s
05/01/2024 12:44:07 PM: INFO: (message)s
05/01/2024 12:44:09 PM: INFO: (message)s
05/01/2024 12:44:09 PM: INFO: (message)s
05/01/2024 12:44:11 PM: INFO: (message)s
05/01/2024 12:44:11 PM: INFO: (message)s
05/01/2024 12:44:11 PM: INFO: (message)s
05/01/2024 12:44:11 PM: INFO: (message)s
05/01/2024 12:44:11 PM: INFO: (message)s
05/01/2024 12:44:11 PM: INFO: (message)s
05/01/2024 12:44:11 PM: INFO: (message)s
05/01/2024 12:44:11 PM: INFO: (message)s
05/01/2024 12:44:11 PM: INFO: (message)s
05/01/2024 12:44:11 PM: INFO: (message)s
05/01/2024 12:44:11 PM: INFO: (message)s
05/01/2024 12:44:11 PM: INFO: (message)s
05/01/2024 12:44:11 PM: INFO: (message)s
05/01/2024 12:44:11 PM: INFO: (message)s
05/01/2024 12:44:11 PM: INFO: (message)s
05/01/2024 12:44:11 PM: INFO: (message)s
05/01/2024 12:44:11 PM: INFO: (message)s
05/01/2024 12:44:11 PM: INFO: (message)s
05/01/2024 12:44:11 PM: INFO: (message)s
05/01/2024 12:44:11 PM: INFO: (message)s
05/01/2024 12:44:11 PM: INFO: (message)s
05/01/2024 12:44:11 PM: INFO: (message)s
05/01/2024 12:44:11 PM: INFO: (message)s
05/01/2024 12:44:12 PM: INFO: (message)s
05/01/2024 12:44:12 PM: INFO: (message)s
05/01/2024 12:44:12 PM: INFO: (message)s
05/01/2024 12:44:12 PM: INFO: (message)s
05/01/2024 12:44:12 PM: INFO: (message)s
05/01/2024 12:44:12 PM: INFO: (message)s
05/01/2024 12:44:12 PM: INFO: (message)s
05/01/2024 12:44:12 PM: INFO: (message)s
05/01/2024 12:44:12 PM: INFO: (message)s
05/01/2024 12:44:12 PM: INFO: (message)s
05/01/2024 12:44:12 PM: INFO: (message)s
05/01/2024 12:44:12 PM: INFO: (message)s
05/01/2024 12:44:12 PM: INFO: (message)s
05/01/2024 12:44:12 PM: INFO: (message)s
05/01/2024 12:44:12 PM: INFO: (message)s
05/01/2024 12:44:12 PM: INFO: (message)s
05/01/2024 12:44:12 PM: INFO: (message)s
05/01/2024 12:44:12 PM: INFO: (message)s
05/01/2024 12:44:12 PM: INFO: (message)s
05/01/2024 12:44:12 PM: INFO: (message)s
05/01/2024 12:44:12 PM: INFO: (message)s
05/01/2024 12:44:12 PM: INFO: (message)s
05/01/2024 12:44:12 PM: INFO: (message)s
05/01/2024 12:44:12 PM: INFO: (message)s
05/01/2024 12:44:12 PM: INFO: (message)s
05/01/2024 12:44:12 PM: INFO: (message)s
05/01/2024 12:44:12 PM: INFO: (message)s
05/01/2024 12:44:12 PM: INFO: (message)s
05/01/2024 12:44:12 PM: INFO: (message)s
05/01/2024 12:44:12 PM: INFO: (message)s
05/01/2024 12:44:12 PM: INFO: (message)s
05/01/2024 12:44:12 PM: INFO: (message)s
05/01/2024 12:44:12 PM: INFO: (message)s
05/01/2024 12:44:12 PM: INFO: (message)s
05/01/2024 12:44:54 PM: INFO: (message)s
05/01/2024 12:44:59 PM: INFO: (message)s
05/01/2024 12:45:01 PM: INFO: (message)s
05/01/2024 12:45:01 PM: INFO: (message)s
05/01/2024 12:45:03 PM: INFO: (message)s
05/01/2024 12:45:04 PM: INFO: (message)s
05/01/2024 12:45:04 PM: INFO: (message)s
05/01/2024 12:45:04 PM: INFO: (message)s
05/01/2024 12:45:04 PM: INFO: (message)s
05/01/2024 12:45:04 PM: INFO: (message)s
05/01/2024 12:45:04 PM: INFO: (message)s
05/01/2024 12:45:04 PM: INFO: (message)s
05/01/2024 12:45:04 PM: INFO: (message)s
05/01/2024 12:45:04 PM: INFO: (message)s
05/01/2024 12:45:04 PM: INFO: (message)s
05/01/2024 12:45:04 PM: INFO: (message)s
05/01/2024 12:45:04 PM: INFO: (message)s
05/01/2024 12:45:04 PM: INFO: (message)s
05/01/2024 12:45:04 PM: INFO: (message)s
05/01/2024 12:45:04 PM: INFO: (message)s
05/01/2024 12:45:04 PM: INFO: (message)s
05/01/2024 12:45:04 PM: INFO: (message)s
05/01/2024 12:45:04 PM: INFO: (message)s
05/01/2024 12:45:04 PM: INFO: (message)s
05/01/2024 12:45:04 PM: INFO: (message)s
05/01/2024 12:45:04 PM: INFO: (message)s
05/01/2024 12:45:04 PM: INFO: (message)s
05/01/2024 12:45:04 PM: INFO: (message)s
05/01/2024 12:45:04 PM: INFO: (message)s
05/01/2024 12:45:04 PM: INFO: (message)s
05/01/2024 12:45:04 PM: INFO: (message)s
05/01/2024 12:45:04 PM: INFO: (message)s
05/01/2024 12:45:04 PM: INFO: (message)s
05/01/2024 12:45:04 PM: INFO: (message)s
05/01/2024 12:45:04 PM: INFO: (message)s
05/01/2024 12:45:04 PM: INFO: (message)s
05/01/2024 12:45:04 PM: INFO: (message)s
05/01/2024 12:45:04 PM: INFO: (message)s
05/01/2024 12:45:04 PM: INFO: (message)s
05/01/2024 12:45:04 PM: INFO: (message)s
05/01/2024 12:45:04 PM: INFO: (message)s
05/01/2024 12:45:04 PM: INFO: (message)s
05/01/2024 12:45:04 PM: INFO: (message)s
05/01/2024 12:45:04 PM: INFO: (message)s
05/01/2024 12:45:04 PM: INFO: (message)s
05/01/2024 12:45:04 PM: INFO: (message)s
05/01/2024 12:45:04 PM: INFO: (message)s
05/01/2024 12:45:04 PM: INFO: (message)s
05/01/2024 12:45:04 PM: INFO: (message)s
05/01/2024 12:45:04 PM: INFO: (message)s
05/01/2024 12:45:04 PM: INFO: (message)s
05/01/2024 12:45:04 PM: INFO: (message)s
05/01/2024 12:45:04 PM: INFO: (message)s
05/01/2024 12:45:04 PM: INFO: (message)s
05/01/2024 12:45:04 PM: INFO: (message)s
05/01/2024 12:45:04 PM: INFO: (message)s
05/01/2024 12:45:04 PM: INFO: (message)s
05/01/2024 12:45:04 PM: INFO: (message)s
05/01/2024 12:45:04 PM: INFO: (message)s
05/01/2024 12:45:04 PM: INFO: (message)s
05/01/2024 12:45:04 PM: INFO: (message)s
05/01/2024 12:45:04 PM: INFO: (message)s
05/01/2024 12:45:04 PM: INFO: (message)s
05/01/2024 12:45:26 PM: INFO: (message)s
05/01/2024 12:45:31 PM: INFO: (message)s
05/01/2024 12:45:33 PM: INFO: (message)s
05/01/2024 12:45:33 PM: INFO: (message)s
05/01/2024 12:45:34 PM: INFO: (message)s
05/01/2024 12:45:35 PM: INFO: (message)s
05/01/2024 12:45:35 PM: INFO: (message)s
05/01/2024 12:45:35 PM: INFO: (message)s
05/01/2024 12:45:35 PM: INFO: (message)s
05/01/2024 12:45:35 PM: INFO: (message)s
05/01/2024 12:45:35 PM: INFO: (message)s
05/01/2024 12:45:35 PM: INFO: (message)s
05/01/2024 12:45:35 PM: INFO: (message)s
05/01/2024 12:45:35 PM: INFO: (message)s
05/01/2024 12:45:35 PM: INFO: (message)s
05/01/2024 12:45:35 PM: INFO: (message)s
05/01/2024 12:45:35 PM: INFO: (message)s
05/01/2024 12:45:35 PM: INFO: (message)s
05/01/2024 12:45:35 PM: INFO: (message)s
05/01/2024 12:45:35 PM: INFO: (message)s
05/01/2024 12:45:35 PM: INFO: (message)s
05/01/2024 12:45:35 PM: INFO: (message)s
05/01/2024 12:45:35 PM: INFO: (message)s
05/01/2024 12:45:35 PM: INFO: (message)s
05/01/2024 12:45:35 PM: INFO: (message)s
05/01/2024 12:45:35 PM: INFO: (message)s
05/01/2024 12:45:35 PM: INFO: (message)s
05/01/2024 12:45:35 PM: INFO: (message)s
05/01/2024 12:45:35 PM: INFO: (message)s
05/01/2024 12:45:35 PM: INFO: (message)s
05/01/2024 12:45:35 PM: INFO: (message)s
05/01/2024 12:45:35 PM: INFO: (message)s
05/01/2024 12:45:35 PM: INFO: (message)s
05/01/2024 12:45:35 PM: INFO: (message)s
05/01/2024 12:45:35 PM: INFO: (message)s
05/01/2024 12:45:35 PM: INFO: (message)s
05/01/2024 12:45:35 PM: INFO: (message)s
05/01/2024 12:45:35 PM: INFO: (message)s
05/01/2024 12:45:35 PM: INFO: (message)s
05/01/2024 12:45:35 PM: INFO: (message)s
05/01/2024 12:45:35 PM: INFO: (message)s
05/01/2024 12:45:35 PM: INFO: (message)s
05/01/2024 12:45:35 PM: INFO: (message)s
05/01/2024 12:45:35 PM: INFO: (message)s
05/01/2024 12:45:35 PM: INFO: (message)s
05/01/2024 12:45:35 PM: INFO: (message)s
05/01/2024 12:45:35 PM: INFO: (message)s
05/01/2024 12:45:35 PM: INFO: (message)s
05/01/2024 12:45:35 PM: INFO: (message)s
05/01/2024 12:45:35 PM: INFO: (message)s
05/01/2024 12:45:35 PM: INFO: (message)s
05/01/2024 12:45:35 PM: INFO: (message)s
05/01/2024 12:45:35 PM: INFO: (message)s
05/01/2024 12:45:35 PM: INFO: (message)s
05/01/2024 12:45:35 PM: INFO: (message)s
05/01/2024 12:48:37 PM: INFO: (message)s
05/01/2024 12:48:40 PM: INFO: (message)s
05/01/2024 12:48:43 PM: INFO: (message)s
05/01/2024 12:48:43 PM: INFO: (message)s
05/01/2024 12:48:44 PM: INFO: (message)s
05/01/2024 12:48:45 PM: INFO: (message)s
05/01/2024 12:48:45 PM: INFO: (message)s
05/01/2024 12:48:45 PM: INFO: (message)s
05/01/2024 12:48:45 PM: INFO: (message)s
05/01/2024 12:48:45 PM: INFO: (message)s
05/01/2024 12:48:45 PM: INFO: (message)s
05/01/2024 12:48:45 PM: INFO: (message)s
05/01/2024 12:48:45 PM: INFO: (message)s
05/01/2024 12:48:45 PM: INFO: (message)s
05/01/2024 12:48:45 PM: INFO: (message)s
05/01/2024 12:48:45 PM: INFO: (message)s
05/01/2024 12:48:45 PM: INFO: (message)s
05/01/2024 12:48:45 PM: INFO: (message)s
05/01/2024 12:48:45 PM: INFO: (message)s
05/01/2024 12:48:45 PM: INFO: (message)s
05/01/2024 12:48:45 PM: INFO: (message)s
05/01/2024 12:48:45 PM: INFO: (message)s
05/01/2024 12:48:45 PM: INFO: (message)s
05/01/2024 12:48:45 PM: INFO: (message)s
05/01/2024 12:48:45 PM: INFO: (message)s
05/01/2024 12:48:45 PM: INFO: (message)s
05/01/2024 12:48:45 PM: INFO: (message)s
05/01/2024 12:48:45 PM: INFO: (message)s
05/01/2024 12:48:45 PM: INFO: (message)s
05/01/2024 12:48:46 PM: INFO: (message)s
05/01/2024 12:48:46 PM: INFO: (message)s
05/01/2024 12:48:46 PM: INFO: (message)s
05/01/2024 12:48:46 PM: INFO: (message)s
05/01/2024 12:48:46 PM: INFO: (message)s
05/01/2024 12:49:04 PM: INFO: (message)s
05/01/2024 12:49:08 PM: INFO: (message)s
05/01/2024 12:49:11 PM: INFO: (message)s
05/01/2024 12:49:11 PM: INFO: (message)s
05/01/2024 12:49:13 PM: INFO: (message)s
05/01/2024 12:49:13 PM: INFO: (message)s
05/01/2024 12:49:13 PM: INFO: (message)s
05/01/2024 12:49:13 PM: INFO: (message)s
05/01/2024 12:49:13 PM: INFO: (message)s
05/01/2024 12:49:13 PM: INFO: (message)s
05/01/2024 12:49:13 PM: INFO: (message)s
05/01/2024 12:49:13 PM: INFO: (message)s
05/01/2024 12:49:13 PM: INFO: (message)s
05/01/2024 12:49:13 PM: INFO: (message)s
05/01/2024 12:49:13 PM: INFO: (message)s
05/01/2024 12:49:13 PM: INFO: (message)s
05/01/2024 12:49:13 PM: INFO: (message)s
05/01/2024 12:49:13 PM: INFO: (message)s
05/01/2024 12:49:13 PM: INFO: (message)s
05/01/2024 12:49:13 PM: INFO: (message)s
05/01/2024 12:49:13 PM: INFO: (message)s
05/01/2024 12:49:13 PM: INFO: (message)s
05/01/2024 12:49:14 PM: INFO: (message)s
05/01/2024 12:49:14 PM: INFO: (message)s
05/01/2024 12:49:14 PM: INFO: (message)s
05/01/2024 12:49:14 PM: INFO: (message)s
05/01/2024 12:49:14 PM: INFO: (message)s
05/01/2024 12:49:14 PM: INFO: (message)s
05/01/2024 12:49:14 PM: INFO: (message)s
05/01/2024 12:49:14 PM: INFO: (message)s
05/01/2024 12:49:14 PM: INFO: (message)s
05/01/2024 12:49:14 PM: INFO: (message)s
05/01/2024 12:49:14 PM: INFO: (message)s
05/01/2024 12:49:14 PM: INFO: (message)s
05/01/2024 12:49:14 PM: INFO: (message)s
05/01/2024 03:56:04 PM: INFO: (message)s
05/01/2024 03:56:08 PM: INFO: (message)s
05/01/2024 03:56:10 PM: INFO: (message)s
05/01/2024 03:56:10 PM: INFO: (message)s
05/01/2024 03:56:12 PM: INFO: (message)s
05/01/2024 03:56:13 PM: INFO: (message)s
05/01/2024 03:56:13 PM: INFO: (message)s
05/01/2024 03:56:13 PM: INFO: (message)s
05/01/2024 03:56:13 PM: INFO: (message)s
05/01/2024 03:56:13 PM: INFO: (message)s
05/01/2024 03:56:13 PM: INFO: (message)s
05/01/2024 03:56:13 PM: INFO: (message)s
05/01/2024 03:56:13 PM: INFO: (message)s
05/01/2024 03:56:13 PM: INFO: (message)s
05/01/2024 03:56:13 PM: INFO: (message)s
05/01/2024 03:56:13 PM: INFO: (message)s
05/01/2024 03:56:13 PM: INFO: (message)s
05/01/2024 03:56:13 PM: INFO: (message)s
05/01/2024 03:56:13 PM: INFO: (message)s
05/01/2024 03:56:13 PM: INFO: (message)s
05/01/2024 03:56:13 PM: INFO: (message)s
05/01/2024 03:56:13 PM: INFO: (message)s
05/01/2024 03:56:13 PM: INFO: (message)s
05/01/2024 03:56:13 PM: INFO: (message)s
05/01/2024 03:56:13 PM: INFO: (message)s
05/01/2024 03:56:13 PM: INFO: (message)s
05/01/2024 03:56:14 PM: INFO: (message)s
05/01/2024 03:56:14 PM: INFO: (message)s
05/01/2024 03:56:14 PM: INFO: (message)s
05/01/2024 03:56:14 PM: INFO: (message)s
05/01/2024 03:56:14 PM: INFO: (message)s
05/01/2024 03:56:14 PM: INFO: (message)s
05/01/2024 03:56:14 PM: INFO: (message)s
05/01/2024 03:56:14 PM: INFO: (message)s
05/01/2024 03:56:14 PM: INFO: (message)s
05/01/2024 08:12:41 PM: INFO: (message)s
05/01/2024 08:12:45 PM: INFO: (message)s
05/01/2024 08:13:07 PM: INFO: (message)s
05/01/2024 08:13:08 PM: INFO: (message)s
05/01/2024 08:13:21 PM: INFO: (message)s
05/01/2024 08:15:20 PM: INFO: (message)s
05/01/2024 08:15:24 PM: INFO: (message)s
05/01/2024 08:15:45 PM: INFO: (message)s
05/01/2024 08:15:46 PM: INFO: (message)s
05/01/2024 08:15:48 PM: INFO: (message)s
05/01/2024 08:17:41 PM: INFO: (message)s
05/01/2024 08:17:44 PM: INFO: (message)s
05/01/2024 08:18:16 PM: INFO: (message)s
05/01/2024 08:18:16 PM: INFO: (message)s
05/01/2024 08:18:19 PM: INFO: (message)s
05/01/2024 08:19:59 PM: INFO: (message)s
05/01/2024 08:20:03 PM: INFO: (message)s
05/01/2024 08:20:36 PM: INFO: (message)s
05/01/2024 08:20:36 PM: INFO: (message)s
05/01/2024 08:20:39 PM: INFO: (message)s
05/01/2024 08:25:00 PM: INFO: (message)s
05/01/2024 08:25:03 PM: INFO: (message)s
05/01/2024 08:25:35 PM: INFO: (message)s
05/01/2024 08:25:36 PM: INFO: (message)s
05/01/2024 08:25:39 PM: INFO: (message)s
05/02/2024 07:53:24 AM: INFO: (message)s
05/02/2024 07:53:25 AM: INFO: (message)s
05/02/2024 07:53:37 AM: INFO: (message)s
05/02/2024 07:53:37 AM: INFO: (message)s
05/02/2024 07:53:45 AM: INFO: (message)s
05/02/2024 07:54:43 AM: INFO: (message)s
05/02/2024 07:54:47 AM: INFO: (message)s
05/02/2024 07:54:55 AM: INFO: (message)s
05/02/2024 07:54:56 AM: INFO: (message)s
05/02/2024 07:55:08 AM: INFO: (message)s
05/02/2024 07:55:46 AM: INFO: (message)s
05/02/2024 07:55:49 AM: INFO: (message)s
05/02/2024 07:55:58 AM: INFO: (message)s
05/02/2024 07:55:58 AM: INFO: (message)s
05/02/2024 07:56:00 AM: INFO: (message)s
05/02/2024 07:58:27 AM: INFO: (message)s
05/02/2024 07:58:29 AM: INFO: (message)s
05/02/2024 07:58:40 AM: INFO: (message)s
05/02/2024 07:58:41 AM: INFO: (message)s
05/02/2024 07:59:47 AM: INFO: (message)s
05/02/2024 07:59:49 AM: INFO: (message)s
05/02/2024 08:00:00 AM: INFO: (message)s
05/02/2024 08:00:00 AM: INFO: (message)s
05/02/2024 08:00:02 AM: INFO: (message)s
05/02/2024 08:01:15 AM: INFO: (message)s
05/02/2024 08:01:18 AM: INFO: (message)s
05/02/2024 08:01:26 AM: INFO: (message)s
05/02/2024 08:01:26 AM: INFO: (message)s
05/02/2024 08:01:28 AM: INFO: (message)s
05/02/2024 08:06:54 AM: INFO: (message)s
05/02/2024 08:06:56 AM: INFO: (message)s
05/02/2024 08:07:04 AM: INFO: (message)s
05/02/2024 08:07:05 AM: INFO: (message)s
05/02/2024 08:07:06 AM: INFO: (message)s
05/02/2024 08:07:32 AM: WARNING: (message)s
05/02/2024 08:07:36 AM: WARNING: (message)s
05/02/2024 08:07:40 AM: WARNING: (message)s
05/02/2024 08:07:56 AM: INFO: (message)s
05/02/2024 08:07:58 AM: INFO: (message)s
05/02/2024 08:08:06 AM: INFO: (message)s
05/02/2024 08:08:07 AM: INFO: (message)s
05/02/2024 08:08:08 AM: INFO: (message)s
05/02/2024 08:08:15 AM: INFO: (message)s
05/02/2024 08:08:17 AM: INFO: (message)s
05/02/2024 08:08:21 AM: INFO: (message)s
05/02/2024 08:08:22 AM: INFO: (message)s
05/02/2024 08:08:23 AM: INFO: (message)s
05/02/2024 08:08:23 AM: INFO: (message)s
05/02/2024 08:08:24 AM: INFO: (message)s
05/02/2024 08:08:24 AM: INFO: (message)s
05/02/2024 08:08:24 AM: INFO: (message)s
05/02/2024 08:08:24 AM: INFO: (message)s
05/02/2024 08:08:24 AM: INFO: (message)s
05/02/2024 08:08:24 AM: INFO: (message)s
05/02/2024 08:08:24 AM: INFO: (message)s
05/02/2024 08:08:24 AM: INFO: (message)s
05/02/2024 08:08:24 AM: INFO: (message)s
05/02/2024 08:08:24 AM: INFO: (message)s
05/02/2024 08:08:24 AM: INFO: (message)s
05/02/2024 08:08:24 AM: INFO: (message)s
05/02/2024 08:08:24 AM: INFO: (message)s
05/02/2024 08:08:24 AM: INFO: (message)s
05/02/2024 08:08:24 AM: INFO: (message)s
05/02/2024 08:08:24 AM: INFO: (message)s
05/02/2024 08:08:24 AM: INFO: (message)s
05/02/2024 08:08:24 AM: INFO: (message)s
05/02/2024 08:08:24 AM: INFO: (message)s
05/02/2024 08:08:24 AM: INFO: (message)s
05/02/2024 08:08:24 AM: INFO: (message)s
05/02/2024 08:08:24 AM: INFO: (message)s
05/02/2024 08:08:24 AM: INFO: (message)s
05/02/2024 08:08:24 AM: INFO: (message)s
05/02/2024 08:08:24 AM: INFO: (message)s
05/02/2024 08:08:24 AM: INFO: (message)s
05/02/2024 08:08:27 AM: INFO: (message)s
05/02/2024 08:08:30 AM: INFO: (message)s
05/02/2024 08:08:30 AM: INFO: (message)s
05/02/2024 08:08:30 AM: INFO: (message)s
05/02/2024 08:08:34 AM: INFO: (message)s
05/02/2024 08:08:40 AM: INFO: (message)s
05/02/2024 08:08:42 AM: INFO: (message)s
05/02/2024 08:08:43 AM: INFO: (message)s
05/02/2024 08:08:43 AM: INFO: (message)s
05/02/2024 08:08:50 AM: INFO: (message)s
05/02/2024 08:08:57 AM: INFO: (message)s
05/02/2024 08:09:04 AM: INFO: (message)s
05/02/2024 08:09:07 AM: INFO: (message)s
05/02/2024 08:09:07 AM: INFO: (message)s
05/02/2024 08:09:08 AM: INFO: (message)s
05/02/2024 08:09:09 AM: INFO: (message)s
05/02/2024 08:09:11 AM: INFO: (message)s
05/02/2024 08:09:11 AM: INFO: (message)s
05/02/2024 08:09:12 AM: INFO: (message)s
05/02/2024 08:09:12 AM: INFO: (message)s
05/02/2024 08:20:27 AM: INFO: (message)s
05/02/2024 08:20:27 AM: INFO: (message)s
05/02/2024 08:20:28 AM: INFO: (message)s
05/02/2024 08:20:30 AM: INFO: (message)s
05/02/2024 08:20:30 AM: INFO: (message)s
05/02/2024 08:20:30 AM: INFO: (message)s
05/02/2024 08:20:34 AM: INFO: (message)s
05/02/2024 08:20:40 AM: INFO: (message)s
05/02/2024 08:20:40 AM: INFO: (message)s
05/02/2024 08:20:41 AM: INFO: (message)s
05/02/2024 08:20:42 AM: INFO: (message)s
05/02/2024 08:20:43 AM: INFO: (message)s
05/02/2024 08:20:44 AM: INFO: (message)s
05/02/2024 08:20:44 AM: INFO: (message)s
05/02/2024 08:20:51 AM: INFO: (message)s
05/02/2024 08:20:54 AM: INFO: (message)s
05/02/2024 08:20:54 AM: INFO: (message)s
05/02/2024 08:20:59 AM: INFO: (message)s
05/02/2024 08:20:59 AM: INFO: (message)s
05/02/2024 08:20:59 AM: INFO: (message)s
05/02/2024 08:21:01 AM: INFO: (message)s
05/02/2024 08:21:01 AM: INFO: (message)s
05/02/2024 08:21:01 AM: INFO: (message)s
05/02/2024 08:21:01 AM: INFO: (message)s
05/02/2024 08:21:01 AM: INFO: (message)s
05/02/2024 08:21:01 AM: INFO: (message)s
05/02/2024 08:21:01 AM: INFO: (message)s
05/02/2024 08:21:01 AM: INFO: (message)s
05/02/2024 08:21:01 AM: INFO: (message)s
05/02/2024 08:21:01 AM: INFO: (message)s
05/02/2024 08:21:01 AM: INFO: (message)s
05/02/2024 08:21:01 AM: INFO: (message)s
05/02/2024 08:21:01 AM: INFO: (message)s
05/02/2024 08:21:01 AM: INFO: (message)s
05/02/2024 08:21:01 AM: INFO: (message)s
05/02/2024 08:21:01 AM: INFO: (message)s
05/02/2024 08:21:01 AM: INFO: (message)s
05/02/2024 08:21:01 AM: INFO: (message)s
05/02/2024 08:21:01 AM: INFO: (message)s
05/02/2024 08:21:01 AM: INFO: (message)s
05/02/2024 08:21:01 AM: INFO: (message)s
05/02/2024 08:21:01 AM: INFO: (message)s
05/02/2024 08:21:01 AM: INFO: (message)s
05/02/2024 08:21:01 AM: INFO: (message)s
05/02/2024 08:21:02 AM: INFO: (message)s
05/02/2024 08:21:02 AM: INFO: (message)s
05/02/2024 08:21:02 AM: INFO: (message)s
05/02/2024 08:21:02 AM: INFO: (message)s
05/02/2024 08:21:02 AM: INFO: (message)s
05/02/2024 08:21:02 AM: INFO: (message)s
05/02/2024 08:21:07 AM: INFO: (message)s
05/02/2024 08:21:08 AM: INFO: (message)s
05/02/2024 08:21:09 AM: INFO: (message)s
05/02/2024 08:21:10 AM: INFO: (message)s
05/02/2024 08:21:10 AM: INFO: (message)s
05/02/2024 08:21:12 AM: INFO: (message)s
05/02/2024 08:21:12 AM: INFO: (message)s
05/02/2024 08:21:14 AM: INFO: (message)s
05/02/2024 08:21:14 AM: INFO: (message)s
05/02/2024 08:38:07 AM: INFO: (message)s
05/02/2024 08:38:07 AM: INFO: (message)s
05/02/2024 08:38:07 AM: INFO: (message)s
05/02/2024 08:38:07 AM: INFO: (message)s
05/02/2024 08:38:07 AM: INFO: (message)s
05/02/2024 08:38:10 AM: INFO: (message)s
05/02/2024 08:38:12 AM: INFO: (message)s
05/02/2024 08:38:12 AM: INFO: (message)s
05/02/2024 08:38:12 AM: INFO: (message)s
05/02/2024 08:38:14 AM: INFO: (message)s
05/02/2024 08:38:14 AM: INFO: (message)s
05/02/2024 08:38:14 AM: INFO: (message)s
05/02/2024 08:38:15 AM: INFO: (message)s
05/02/2024 08:38:15 AM: INFO: (message)s
05/02/2024 08:38:16 AM: INFO: (message)s
05/02/2024 08:38:16 AM: INFO: (message)s
05/02/2024 08:38:16 AM: INFO: (message)s
05/02/2024 08:38:16 AM: INFO: (message)s
05/02/2024 08:38:16 AM: INFO: (message)s
05/02/2024 08:38:16 AM: INFO: (message)s
05/02/2024 08:38:18 AM: INFO: (message)s
05/02/2024 08:38:19 AM: INFO: (message)s
05/02/2024 08:38:19 AM: INFO: (message)s
05/02/2024 08:38:19 AM: INFO: (message)s
05/02/2024 08:38:19 AM: INFO: (message)s
05/02/2024 08:38:19 AM: INFO: (message)s
05/02/2024 08:38:20 AM: INFO: (message)s
05/02/2024 08:38:20 AM: INFO: (message)s
05/02/2024 08:38:20 AM: INFO: (message)s
05/02/2024 08:38:20 AM: INFO: (message)s
05/02/2024 08:38:20 AM: INFO: (message)s
05/02/2024 08:38:20 AM: INFO: (message)s
05/02/2024 08:38:20 AM: INFO: (message)s
05/02/2024 08:38:20 AM: INFO: (message)s
05/02/2024 08:38:20 AM: INFO: (message)s
05/02/2024 08:38:20 AM: INFO: (message)s
05/02/2024 08:38:20 AM: INFO: (message)s
05/02/2024 08:38:20 AM: INFO: (message)s
05/02/2024 08:38:20 AM: INFO: (message)s
05/02/2024 08:38:20 AM: INFO: (message)s
05/02/2024 08:38:21 AM: INFO: (message)s
05/02/2024 08:38:21 AM: INFO: (message)s
05/02/2024 08:38:21 AM: INFO: (message)s
05/02/2024 08:38:21 AM: INFO: (message)s
05/02/2024 08:38:21 AM: INFO: (message)s
05/02/2024 08:38:21 AM: INFO: (message)s
05/02/2024 08:38:21 AM: INFO: (message)s
05/02/2024 08:38:21 AM: INFO: (message)s
05/02/2024 08:38:21 AM: INFO: (message)s
05/02/2024 08:38:21 AM: INFO: (message)s
05/02/2024 08:38:21 AM: INFO: (message)s
05/02/2024 08:38:21 AM: INFO: (message)s
05/02/2024 08:38:21 AM: INFO: (message)s
05/02/2024 08:38:21 AM: INFO: (message)s
05/02/2024 08:38:30 AM: INFO: (message)s
05/02/2024 08:38:31 AM: INFO: (message)s
05/02/2024 08:38:32 AM: INFO: (message)s
05/02/2024 08:38:32 AM: INFO: (message)s
05/02/2024 08:38:37 AM: INFO: (message)s
05/02/2024 08:39:15 AM: INFO: (message)s
05/02/2024 08:39:15 AM: INFO: (message)s
05/02/2024 08:39:15 AM: INFO: (message)s
05/02/2024 08:39:15 AM: INFO: (message)s
05/02/2024 08:39:15 AM: INFO: (message)s
05/02/2024 08:39:21 AM: INFO: (message)s
05/02/2024 08:39:22 AM: INFO: (message)s
05/02/2024 08:39:22 AM: INFO: (message)s
05/02/2024 08:39:23 AM: INFO: (message)s
05/02/2024 08:39:23 AM: INFO: (message)s
05/02/2024 08:39:23 AM: INFO: (message)s
05/02/2024 08:39:24 AM: INFO: (message)s
05/02/2024 08:39:24 AM: INFO: (message)s
05/02/2024 08:39:26 AM: INFO: (message)s
05/02/2024 08:39:28 AM: INFO: (message)s
05/02/2024 08:39:28 AM: INFO: (message)s
05/02/2024 08:39:28 AM: INFO: (message)s
05/02/2024 08:39:28 AM: INFO: (message)s
05/02/2024 08:39:28 AM: INFO: (message)s
05/02/2024 08:39:31 AM: INFO: (message)s
05/02/2024 08:39:31 AM: INFO: (message)s
05/02/2024 08:39:33 AM: INFO: (message)s
05/02/2024 08:39:34 AM: INFO: (message)s
05/02/2024 08:39:34 AM: INFO: (message)s
05/02/2024 08:39:37 AM: INFO: (message)s
05/02/2024 08:39:37 AM: INFO: (message)s
05/02/2024 08:39:37 AM: INFO: (message)s
05/02/2024 08:39:39 AM: INFO: (message)s
05/02/2024 08:39:39 AM: INFO: (message)s
05/02/2024 08:39:39 AM: INFO: (message)s
05/02/2024 08:39:39 AM: INFO: (message)s
05/02/2024 08:39:39 AM: INFO: (message)s
05/02/2024 08:39:40 AM: INFO: (message)s
05/02/2024 08:39:40 AM: INFO: (message)s
05/02/2024 08:39:40 AM: INFO: (message)s
05/02/2024 08:39:40 AM: INFO: (message)s
05/02/2024 08:39:40 AM: INFO: (message)s
05/02/2024 08:39:40 AM: INFO: (message)s
05/02/2024 08:39:40 AM: INFO: (message)s
05/02/2024 08:39:40 AM: INFO: (message)s
05/02/2024 08:39:40 AM: INFO: (message)s
05/02/2024 08:39:40 AM: INFO: (message)s
05/02/2024 08:39:40 AM: INFO: (message)s
05/02/2024 08:39:40 AM: INFO: (message)s
05/02/2024 08:39:40 AM: INFO: (message)s
05/02/2024 08:39:40 AM: INFO: (message)s
05/02/2024 08:39:40 AM: INFO: (message)s
05/02/2024 08:39:40 AM: INFO: (message)s
05/02/2024 08:39:40 AM: INFO: (message)s
05/02/2024 08:39:40 AM: INFO: (message)s
05/02/2024 08:39:41 AM: INFO: (message)s
05/02/2024 08:39:41 AM: INFO: (message)s
05/02/2024 08:39:41 AM: INFO: (message)s
05/02/2024 08:39:41 AM: INFO: (message)s
05/02/2024 08:39:41 AM: INFO: (message)s
05/02/2024 08:39:43 AM: INFO: (message)s
05/02/2024 08:49:51 AM: INFO: (message)s
05/02/2024 08:49:51 AM: INFO: (message)s
05/02/2024 08:49:54 AM: INFO: (message)s
05/02/2024 08:49:54 AM: INFO: (message)s
05/02/2024 08:49:54 AM: INFO: (message)s
05/02/2024 08:49:54 AM: INFO: (message)s
05/02/2024 08:49:58 AM: INFO: (message)s
05/02/2024 08:50:05 AM: INFO: (message)s
05/02/2024 08:50:06 AM: INFO: (message)s
05/02/2024 08:50:06 AM: INFO: (message)s
05/02/2024 08:50:08 AM: INFO: (message)s
05/02/2024 08:50:08 AM: INFO: (message)s
05/02/2024 08:50:09 AM: INFO: (message)s
05/02/2024 08:50:10 AM: INFO: (message)s
05/02/2024 08:50:16 AM: INFO: (message)s
05/02/2024 08:50:17 AM: INFO: (message)s
05/02/2024 08:50:19 AM: INFO: (message)s
05/02/2024 08:50:22 AM: INFO: (message)s
05/02/2024 08:50:24 AM: INFO: (message)s
05/02/2024 08:50:24 AM: INFO: (message)s
05/02/2024 08:50:26 AM: INFO: (message)s
05/02/2024 08:50:27 AM: INFO: (message)s
05/02/2024 08:50:27 AM: INFO: (message)s
05/02/2024 08:50:27 AM: INFO: (message)s
05/02/2024 08:50:27 AM: INFO: (message)s
05/02/2024 08:50:27 AM: INFO: (message)s
05/02/2024 08:50:27 AM: INFO: (message)s
05/02/2024 08:50:27 AM: INFO: (message)s
05/02/2024 08:50:27 AM: INFO: (message)s
05/02/2024 08:50:27 AM: INFO: (message)s
05/02/2024 08:50:27 AM: INFO: (message)s
05/02/2024 08:50:27 AM: INFO: (message)s
05/02/2024 08:50:27 AM: INFO: (message)s
05/02/2024 08:50:27 AM: INFO: (message)s
05/02/2024 08:50:27 AM: INFO: (message)s
05/02/2024 08:50:27 AM: INFO: (message)s
05/02/2024 08:50:28 AM: INFO: (message)s
05/02/2024 08:50:28 AM: INFO: (message)s
05/02/2024 08:50:28 AM: INFO: (message)s
05/02/2024 08:50:28 AM: INFO: (message)s
05/02/2024 08:50:28 AM: INFO: (message)s
05/02/2024 08:50:28 AM: INFO: (message)s
05/02/2024 08:50:28 AM: INFO: (message)s
05/02/2024 08:50:28 AM: INFO: (message)s
05/02/2024 08:50:28 AM: INFO: (message)s
05/02/2024 08:50:28 AM: INFO: (message)s
05/02/2024 08:50:28 AM: INFO: (message)s
05/02/2024 08:50:28 AM: INFO: (message)s
05/02/2024 08:50:28 AM: INFO: (message)s
05/02/2024 08:50:31 AM: INFO: (message)s
05/02/2024 08:50:35 AM: INFO: (message)s
05/02/2024 08:50:35 AM: INFO: (message)s
05/02/2024 08:50:37 AM: INFO: (message)s
05/02/2024 08:50:37 AM: INFO: (message)s
05/02/2024 08:50:40 AM: INFO: (message)s
05/02/2024 08:50:40 AM: INFO: (message)s
05/02/2024 08:50:41 AM: INFO: (message)s
05/02/2024 08:50:42 AM: INFO: (message)s
05/02/2024 08:51:19 AM: INFO: (message)s
05/02/2024 08:51:19 AM: INFO: (message)s
05/02/2024 08:51:19 AM: INFO: (message)s
05/02/2024 08:51:22 AM: INFO: (message)s
05/02/2024 08:51:23 AM: INFO: (message)s
05/02/2024 08:51:28 AM: INFO: (message)s
05/02/2024 08:51:28 AM: INFO: (message)s
05/02/2024 08:51:29 AM: INFO: (message)s
05/02/2024 08:51:29 AM: INFO: (message)s
05/02/2024 08:51:29 AM: INFO: (message)s
05/02/2024 08:51:30 AM: INFO: (message)s
05/02/2024 08:51:30 AM: INFO: (message)s
05/02/2024 08:51:30 AM: INFO: (message)s
05/02/2024 08:51:31 AM: INFO: (message)s
05/02/2024 08:51:31 AM: INFO: (message)s
05/02/2024 08:51:31 AM: INFO: (message)s
05/02/2024 08:51:31 AM: INFO: (message)s
05/02/2024 08:51:31 AM: INFO: (message)s
05/02/2024 08:51:31 AM: INFO: (message)s
05/02/2024 08:51:31 AM: INFO: (message)s
05/02/2024 08:51:31 AM: INFO: (message)s
05/02/2024 08:51:31 AM: INFO: (message)s
05/02/2024 08:51:31 AM: INFO: (message)s
05/02/2024 08:51:31 AM: INFO: (message)s
05/02/2024 08:51:31 AM: INFO: (message)s
05/02/2024 08:51:31 AM: INFO: (message)s
05/02/2024 08:51:31 AM: INFO: (message)s
05/02/2024 08:51:31 AM: INFO: (message)s
05/02/2024 08:51:31 AM: INFO: (message)s
05/02/2024 08:51:31 AM: INFO: (message)s
05/02/2024 08:51:31 AM: INFO: (message)s
05/02/2024 08:51:31 AM: INFO: (message)s
05/02/2024 08:51:31 AM: INFO: (message)s
05/02/2024 08:51:31 AM: INFO: (message)s
05/02/2024 08:51:31 AM: INFO: (message)s
05/02/2024 08:51:31 AM: INFO: (message)s
05/02/2024 08:51:33 AM: INFO: (message)s
05/02/2024 08:51:35 AM: INFO: (message)s
05/02/2024 08:51:36 AM: INFO: (message)s
05/02/2024 08:51:36 AM: INFO: (message)s
05/02/2024 08:51:38 AM: INFO: (message)s
05/02/2024 08:51:38 AM: INFO: (message)s
05/02/2024 08:51:38 AM: INFO: (message)s
05/02/2024 08:51:40 AM: INFO: (message)s
05/02/2024 08:51:40 AM: INFO: (message)s
05/02/2024 08:51:42 AM: INFO: (message)s
05/02/2024 08:51:42 AM: INFO: (message)s
05/02/2024 08:51:44 AM: INFO: (message)s
05/02/2024 08:51:44 AM: INFO: (message)s
05/02/2024 08:52:04 AM: INFO: (message)s
05/02/2024 08:52:07 AM: INFO: (message)s
05/02/2024 08:52:08 AM: INFO: (message)s
05/02/2024 08:52:08 AM: INFO: (message)s
05/02/2024 08:52:17 AM: INFO: (message)s
05/02/2024 08:52:22 AM: INFO: (message)s
05/02/2024 08:53:11 AM: INFO: (message)s
05/02/2024 08:53:11 AM: INFO: (message)s
05/02/2024 08:53:11 AM: INFO: (message)s
05/02/2024 08:53:13 AM: INFO: (message)s
05/02/2024 08:53:13 AM: INFO: (message)s
05/02/2024 08:53:13 AM: INFO: (message)s
05/02/2024 08:53:15 AM: INFO: (message)s
05/02/2024 08:53:15 AM: INFO: (message)s
05/02/2024 08:53:17 AM: INFO: (message)s
05/02/2024 08:53:22 AM: INFO: (message)s
05/02/2024 08:53:22 AM: INFO: (message)s
05/02/2024 08:53:25 AM: INFO: (message)s
05/02/2024 08:53:25 AM: INFO: (message)s
05/02/2024 08:53:25 AM: INFO: (message)s
05/02/2024 08:53:25 AM: INFO: (message)s
05/02/2024 08:53:25 AM: INFO: (message)s
05/02/2024 08:53:25 AM: INFO: (message)s
05/02/2024 08:53:25 AM: INFO: (message)s
05/02/2024 08:53:25 AM: INFO: (message)s
05/02/2024 08:53:25 AM: INFO: (message)s
05/02/2024 08:53:25 AM: INFO: (message)s
05/02/2024 08:53:25 AM: INFO: (message)s
05/02/2024 08:53:25 AM: INFO: (message)s
05/02/2024 08:53:25 AM: INFO: (message)s
05/02/2024 08:53:26 AM: INFO: (message)s
05/02/2024 08:53:26 AM: INFO: (message)s
05/02/2024 08:53:26 AM: INFO: (message)s
05/02/2024 08:53:26 AM: INFO: (message)s
05/02/2024 08:53:26 AM: INFO: (message)s
05/02/2024 08:53:26 AM: INFO: (message)s
05/02/2024 08:53:26 AM: INFO: (message)s
05/02/2024 08:53:26 AM: INFO: (message)s
05/02/2024 08:53:26 AM: INFO: (message)s
05/02/2024 08:53:26 AM: INFO: (message)s
05/02/2024 08:53:26 AM: INFO: (message)s
05/02/2024 08:53:26 AM: INFO: (message)s
05/02/2024 08:53:26 AM: INFO: (message)s
05/02/2024 08:53:26 AM: INFO: (message)s
05/02/2024 08:53:26 AM: INFO: (message)s
05/02/2024 08:53:26 AM: INFO: (message)s
05/02/2024 08:53:29 AM: INFO: (message)s
05/02/2024 08:53:30 AM: INFO: (message)s
05/02/2024 08:53:30 AM: INFO: (message)s
05/02/2024 08:53:32 AM: INFO: (message)s
05/02/2024 08:53:33 AM: INFO: (message)s
05/02/2024 08:53:35 AM: INFO: (message)s
05/02/2024 08:53:35 AM: INFO: (message)s
05/02/2024 08:53:37 AM: INFO: (message)s
05/02/2024 08:53:37 AM: INFO: (message)s
05/02/2024 08:53:40 AM: INFO: (message)s
05/02/2024 08:53:40 AM: INFO: (message)s
05/02/2024 08:53:53 AM: INFO: (message)s
05/02/2024 08:53:56 AM: INFO: (message)s
05/02/2024 08:53:57 AM: INFO: (message)s
05/02/2024 08:53:57 AM: INFO: (message)s
05/02/2024 08:54:04 AM: INFO: (message)s
05/02/2024 08:54:10 AM: INFO: (message)s
05/02/2024 10:46:17 AM: INFO: (message)s
05/02/2024 10:46:17 AM: INFO: (message)s
05/02/2024 10:46:17 AM: INFO: (message)s
05/02/2024 10:46:20 AM: INFO: (message)s
05/02/2024 10:46:20 AM: INFO: (message)s
05/02/2024 10:46:20 AM: INFO: (message)s
05/02/2024 10:46:20 AM: INFO: (message)s
05/02/2024 10:46:21 AM: INFO: (message)s
05/02/2024 10:46:25 AM: INFO: (message)s
05/02/2024 10:46:25 AM: INFO: (message)s
05/02/2024 10:46:25 AM: INFO: (message)s
05/02/2024 10:46:27 AM: INFO: (message)s
05/02/2024 10:46:28 AM: INFO: (message)s
05/02/2024 10:46:28 AM: INFO: (message)s
05/02/2024 10:46:28 AM: INFO: (message)s
05/02/2024 10:46:28 AM: INFO: (message)s
05/02/2024 10:46:28 AM: INFO: (message)s
05/02/2024 10:46:28 AM: INFO: (message)s
05/02/2024 10:46:28 AM: INFO: (message)s
05/02/2024 10:46:28 AM: INFO: (message)s
05/02/2024 10:46:28 AM: INFO: (message)s
05/02/2024 10:46:28 AM: INFO: (message)s
05/02/2024 10:46:28 AM: INFO: (message)s
05/02/2024 10:46:28 AM: INFO: (message)s
05/02/2024 10:46:28 AM: INFO: (message)s
05/02/2024 10:46:28 AM: INFO: (message)s
05/02/2024 10:46:28 AM: INFO: (message)s
05/02/2024 10:46:28 AM: INFO: (message)s
05/02/2024 10:46:28 AM: INFO: (message)s
05/02/2024 10:46:28 AM: INFO: (message)s
05/02/2024 10:46:28 AM: INFO: (message)s
05/02/2024 10:46:28 AM: INFO: (message)s
05/02/2024 10:46:28 AM: INFO: (message)s
05/02/2024 10:46:29 AM: INFO: (message)s
05/02/2024 10:46:29 AM: INFO: (message)s
05/02/2024 10:46:29 AM: INFO: (message)s
05/02/2024 10:46:29 AM: INFO: (message)s
05/02/2024 10:46:29 AM: INFO: (message)s
05/02/2024 10:46:29 AM: INFO: (message)s
05/02/2024 10:46:29 AM: INFO: (message)s
05/02/2024 10:46:29 AM: INFO: (message)s
05/02/2024 10:46:29 AM: INFO: (message)s
05/02/2024 10:46:29 AM: INFO: (message)s
05/02/2024 10:46:29 AM: INFO: (message)s
05/02/2024 10:46:32 AM: INFO: (message)s
05/02/2024 10:46:37 AM: INFO: (message)s
05/02/2024 10:46:37 AM: INFO: (message)s
05/02/2024 10:46:40 AM: INFO: (message)s
05/02/2024 10:46:40 AM: INFO: (message)s
05/02/2024 10:46:40 AM: INFO: (message)s
05/02/2024 10:46:40 AM: INFO: (message)s
05/02/2024 10:46:43 AM: INFO: (message)s
05/02/2024 10:46:43 AM: INFO: (message)s
05/02/2024 10:46:43 AM: INFO: (message)s
05/02/2024 10:46:44 AM: INFO: (message)s
05/02/2024 10:46:45 AM: INFO: (message)s
05/02/2024 10:46:51 AM: INFO: (message)s
05/02/2024 10:46:55 AM: INFO: (message)s
05/02/2024 10:46:56 AM: INFO: (message)s
05/02/2024 10:46:56 AM: INFO: (message)s
05/02/2024 10:47:06 AM: INFO: (message)s
05/02/2024 10:47:11 AM: INFO: (message)s
05/02/2024 12:44:42 PM: INFO: (message)s
05/02/2024 12:44:43 PM: INFO: (message)s
05/02/2024 12:44:46 PM: INFO: (message)s
05/02/2024 12:44:46 PM: INFO: (message)s
05/02/2024 12:44:46 PM: INFO: (message)s
05/02/2024 12:44:46 PM: INFO: (message)s
05/02/2024 12:44:48 PM: INFO: (message)s
05/02/2024 12:44:48 PM: INFO: (message)s
05/02/2024 12:44:48 PM: INFO: (message)s
05/02/2024 12:44:50 PM: INFO: (message)s
05/02/2024 12:44:50 PM: INFO: (message)s
05/02/2024 12:44:51 PM: INFO: (message)s
05/02/2024 12:44:51 PM: INFO: (message)s
05/02/2024 12:44:52 PM: INFO: (message)s
05/02/2024 12:44:53 PM: INFO: (message)s
05/02/2024 12:44:53 PM: INFO: (message)s
05/02/2024 12:44:53 PM: INFO: (message)s
05/02/2024 12:44:53 PM: INFO: (message)s
05/02/2024 12:44:53 PM: INFO: (message)s
05/02/2024 12:44:53 PM: INFO: (message)s
05/02/2024 12:44:53 PM: INFO: (message)s
05/02/2024 12:44:53 PM: INFO: (message)s
05/02/2024 12:44:53 PM: INFO: (message)s
05/02/2024 12:44:53 PM: INFO: (message)s
05/02/2024 12:44:53 PM: INFO: (message)s
05/02/2024 12:44:54 PM: INFO: (message)s
05/02/2024 12:44:54 PM: INFO: (message)s
05/02/2024 12:44:54 PM: INFO: (message)s
05/02/2024 12:44:54 PM: INFO: (message)s
05/02/2024 12:44:54 PM: INFO: (message)s
05/02/2024 12:44:54 PM: INFO: (message)s
05/02/2024 12:44:54 PM: INFO: (message)s
05/02/2024 12:44:54 PM: INFO: (message)s
05/02/2024 12:44:54 PM: INFO: (message)s
05/02/2024 12:44:54 PM: INFO: (message)s
05/02/2024 12:44:54 PM: INFO: (message)s
05/02/2024 12:44:54 PM: INFO: (message)s
05/02/2024 12:44:54 PM: INFO: (message)s
05/02/2024 12:44:54 PM: INFO: (message)s
05/02/2024 12:44:54 PM: INFO: (message)s
05/02/2024 12:44:54 PM: INFO: (message)s
05/02/2024 12:44:54 PM: INFO: (message)s
05/02/2024 12:44:54 PM: INFO: (message)s
05/02/2024 12:44:54 PM: INFO: (message)s
05/02/2024 12:44:54 PM: INFO: (message)s
05/02/2024 12:44:54 PM: INFO: (message)s
05/02/2024 12:44:57 PM: INFO: (message)s
05/02/2024 12:44:58 PM: INFO: (message)s
05/02/2024 12:45:01 PM: INFO: (message)s
05/02/2024 12:45:02 PM: INFO: (message)s
05/02/2024 12:45:02 PM: INFO: (message)s
05/02/2024 12:45:04 PM: INFO: (message)s
05/02/2024 12:45:04 PM: INFO: (message)s
05/02/2024 12:45:06 PM: INFO: (message)s
05/02/2024 12:45:06 PM: INFO: (message)s
05/02/2024 12:45:07 PM: INFO: (message)s
05/02/2024 12:45:08 PM: INFO: (message)s
05/02/2024 12:45:08 PM: INFO: (message)s
05/02/2024 12:45:10 PM: INFO: (message)s
05/02/2024 12:45:10 PM: INFO: (message)s
05/02/2024 12:45:12 PM: INFO: (message)s
05/02/2024 01:53:05 PM: INFO: (message)s
05/02/2024 01:53:05 PM: INFO: (message)s
05/02/2024 01:53:05 PM: INFO: (message)s
05/02/2024 01:53:08 PM: INFO: (message)s
05/02/2024 01:53:08 PM: INFO: (message)s
05/02/2024 01:53:08 PM: INFO: (message)s
05/02/2024 01:53:08 PM: INFO: (message)s
05/02/2024 01:53:09 PM: INFO: (message)s
05/02/2024 01:53:11 PM: INFO: (message)s
05/02/2024 01:53:11 PM: INFO: (message)s
05/02/2024 01:53:11 PM: INFO: (message)s
05/02/2024 01:53:12 PM: INFO: (message)s
05/02/2024 01:53:12 PM: INFO: (message)s
05/02/2024 01:53:13 PM: INFO: (message)s
05/02/2024 01:53:13 PM: INFO: (message)s
05/02/2024 01:53:13 PM: INFO: (message)s
05/02/2024 01:53:13 PM: INFO: (message)s
05/02/2024 01:53:13 PM: INFO: (message)s
05/02/2024 01:53:13 PM: INFO: (message)s
05/02/2024 01:53:13 PM: INFO: (message)s
05/02/2024 01:53:13 PM: INFO: (message)s
05/02/2024 01:53:13 PM: INFO: (message)s
05/02/2024 01:53:13 PM: INFO: (message)s
05/02/2024 01:53:13 PM: INFO: (message)s
05/02/2024 01:53:13 PM: INFO: (message)s
05/02/2024 01:53:13 PM: INFO: (message)s
05/02/2024 01:53:13 PM: INFO: (message)s
05/02/2024 01:53:13 PM: INFO: (message)s
05/02/2024 01:53:13 PM: INFO: (message)s
05/02/2024 01:53:13 PM: INFO: (message)s
05/02/2024 01:53:13 PM: INFO: (message)s
05/02/2024 01:53:13 PM: INFO: (message)s
05/02/2024 01:53:13 PM: INFO: (message)s
05/02/2024 01:53:14 PM: INFO: (message)s
05/02/2024 01:53:14 PM: INFO: (message)s
05/02/2024 01:53:14 PM: INFO: (message)s
05/02/2024 01:53:14 PM: INFO: (message)s
05/02/2024 01:53:14 PM: INFO: (message)s
05/02/2024 01:53:14 PM: INFO: (message)s
05/02/2024 01:53:14 PM: INFO: (message)s
05/02/2024 01:53:14 PM: INFO: (message)s
05/02/2024 01:53:14 PM: INFO: (message)s
05/02/2024 01:53:14 PM: INFO: (message)s
05/02/2024 01:53:14 PM: INFO: (message)s
05/02/2024 01:53:14 PM: INFO: (message)s
05/02/2024 01:53:14 PM: INFO: (message)s
05/02/2024 01:53:17 PM: INFO: (message)s
05/02/2024 01:53:21 PM: INFO: (message)s
05/02/2024 01:53:21 PM: INFO: (message)s
05/02/2024 01:53:23 PM: INFO: (message)s
05/02/2024 01:53:23 PM: INFO: (message)s
05/02/2024 01:53:26 PM: INFO: (message)s
05/02/2024 01:53:26 PM: INFO: (message)s
05/02/2024 01:53:28 PM: INFO: (message)s
05/02/2024 01:53:28 PM: INFO: (message)s
05/02/2024 01:53:40 PM: INFO: (message)s
05/02/2024 01:53:44 PM: INFO: (message)s
05/02/2024 01:53:45 PM: INFO: (message)s
05/02/2024 01:53:45 PM: INFO: (message)s
05/02/2024 01:53:52 PM: INFO: (message)s
05/02/2024 01:53:57 PM: INFO: (message)s
05/02/2024 02:18:56 PM: INFO: (message)s
05/02/2024 02:18:56 PM: INFO: (message)s
05/02/2024 02:18:56 PM: INFO: (message)s
05/02/2024 02:19:00 PM: INFO: (message)s
05/02/2024 02:19:01 PM: INFO: (message)s
05/02/2024 02:19:02 PM: INFO: (message)s
05/02/2024 02:19:02 PM: INFO: (message)s
05/02/2024 02:19:02 PM: INFO: (message)s
05/02/2024 02:19:05 PM: INFO: (message)s
05/02/2024 02:19:05 PM: INFO: (message)s
05/02/2024 02:19:05 PM: INFO: (message)s
05/02/2024 02:19:05 PM: INFO: (message)s
05/02/2024 02:19:06 PM: INFO: (message)s
05/02/2024 02:19:07 PM: INFO: (message)s
05/02/2024 02:19:07 PM: INFO: (message)s
05/02/2024 02:19:07 PM: INFO: (message)s
05/02/2024 02:19:07 PM: INFO: (message)s
05/02/2024 02:19:07 PM: INFO: (message)s
05/02/2024 02:19:07 PM: INFO: (message)s
05/02/2024 02:19:07 PM: INFO: (message)s
05/02/2024 02:19:07 PM: INFO: (message)s
05/02/2024 02:19:07 PM: INFO: (message)s
05/02/2024 02:19:07 PM: INFO: (message)s
05/02/2024 02:19:07 PM: INFO: (message)s
05/02/2024 02:19:07 PM: INFO: (message)s
05/02/2024 02:19:07 PM: INFO: (message)s
05/02/2024 02:19:07 PM: INFO: (message)s
05/02/2024 02:19:07 PM: INFO: (message)s
05/02/2024 02:19:07 PM: INFO: (message)s
05/02/2024 02:19:08 PM: INFO: (message)s
05/02/2024 02:19:08 PM: INFO: (message)s
05/02/2024 02:19:08 PM: INFO: (message)s
05/02/2024 02:19:08 PM: INFO: (message)s
05/02/2024 02:19:08 PM: INFO: (message)s
05/02/2024 02:19:08 PM: INFO: (message)s
05/02/2024 02:19:08 PM: INFO: (message)s
05/02/2024 02:19:08 PM: INFO: (message)s
05/02/2024 02:19:08 PM: INFO: (message)s
05/02/2024 02:19:08 PM: INFO: (message)s
05/02/2024 02:19:08 PM: INFO: (message)s
05/02/2024 02:19:08 PM: INFO: (message)s
05/02/2024 02:19:08 PM: INFO: (message)s
05/02/2024 02:19:08 PM: INFO: (message)s
05/02/2024 02:19:08 PM: INFO: (message)s
05/02/2024 02:19:08 PM: INFO: (message)s
05/02/2024 02:19:12 PM: INFO: (message)s
05/02/2024 02:19:14 PM: INFO: (message)s
05/02/2024 02:19:15 PM: INFO: (message)s
05/02/2024 02:19:16 PM: INFO: (message)s
05/02/2024 02:19:17 PM: INFO: (message)s
05/02/2024 02:19:18 PM: INFO: (message)s
05/02/2024 02:19:19 PM: INFO: (message)s
05/02/2024 02:19:20 PM: INFO: (message)s
05/02/2024 02:19:20 PM: INFO: (message)s
05/02/2024 02:19:20 PM: INFO: (message)s
05/02/2024 02:19:21 PM: INFO: (message)s
05/02/2024 02:19:28 PM: INFO: (message)s
05/02/2024 02:19:32 PM: INFO: (message)s
05/02/2024 02:53:07 PM: INFO: (message)s
05/02/2024 02:53:07 PM: INFO: (message)s
05/02/2024 02:53:07 PM: INFO: (message)s
05/02/2024 02:53:10 PM: INFO: (message)s
05/02/2024 02:53:10 PM: INFO: (message)s
05/02/2024 02:53:11 PM: INFO: (message)s
05/02/2024 02:53:12 PM: INFO: (message)s
05/02/2024 02:53:12 PM: INFO: (message)s
05/02/2024 02:53:13 PM: INFO: (message)s
05/02/2024 02:53:13 PM: INFO: (message)s
05/02/2024 02:53:14 PM: INFO: (message)s
05/02/2024 02:53:14 PM: INFO: (message)s
05/02/2024 02:53:15 PM: INFO: (message)s
05/02/2024 02:53:15 PM: INFO: (message)s
05/02/2024 02:53:16 PM: INFO: (message)s
05/02/2024 02:53:16 PM: INFO: (message)s
05/02/2024 02:53:16 PM: INFO: (message)s
05/02/2024 02:53:16 PM: INFO: (message)s
05/02/2024 02:53:16 PM: INFO: (message)s
05/02/2024 02:53:16 PM: INFO: (message)s
05/02/2024 02:53:16 PM: INFO: (message)s
05/02/2024 02:53:16 PM: INFO: (message)s
05/02/2024 02:53:16 PM: INFO: (message)s
05/02/2024 02:53:16 PM: INFO: (message)s
05/02/2024 02:53:16 PM: INFO: (message)s
05/02/2024 02:53:16 PM: INFO: (message)s
05/02/2024 02:53:16 PM: INFO: (message)s
05/02/2024 02:53:16 PM: INFO: (message)s
05/02/2024 02:53:16 PM: INFO: (message)s
05/02/2024 02:53:16 PM: INFO: (message)s
05/02/2024 02:53:16 PM: INFO: (message)s
05/02/2024 02:53:16 PM: INFO: (message)s
05/02/2024 02:53:16 PM: INFO: (message)s
05/02/2024 02:53:16 PM: INFO: (message)s
05/02/2024 02:53:16 PM: INFO: (message)s
05/02/2024 02:53:16 PM: INFO: (message)s
05/02/2024 02:53:16 PM: INFO: (message)s
05/02/2024 02:53:17 PM: INFO: (message)s
05/02/2024 02:53:17 PM: INFO: (message)s
05/02/2024 02:53:17 PM: INFO: (message)s
05/02/2024 02:53:17 PM: INFO: (message)s
05/02/2024 02:53:17 PM: INFO: (message)s
05/02/2024 02:53:17 PM: INFO: (message)s
05/02/2024 02:53:17 PM: INFO: (message)s
05/02/2024 02:53:17 PM: INFO: (message)s
05/02/2024 02:53:17 PM: INFO: (message)s
05/02/2024 02:53:20 PM: INFO: (message)s
05/02/2024 02:53:22 PM: INFO: (message)s
05/02/2024 02:53:26 PM: INFO: (message)s
05/02/2024 02:53:26 PM: INFO: (message)s
05/02/2024 02:53:28 PM: INFO: (message)s
05/02/2024 02:53:28 PM: INFO: (message)s
05/02/2024 02:53:30 PM: INFO: (message)s
05/02/2024 02:53:30 PM: INFO: (message)s
05/02/2024 02:53:31 PM: INFO: (message)s
05/02/2024 02:53:32 PM: INFO: (message)s
05/02/2024 02:53:32 PM: INFO: (message)s
05/02/2024 02:53:33 PM: INFO: (message)s
05/02/2024 02:53:33 PM: INFO: (message)s
05/02/2024 02:53:38 PM: INFO: (message)s
05/02/2024 02:53:43 PM: INFO: (message)s
05/03/2024 01:01:05 PM: INFO: (message)s
05/03/2024 01:01:06 PM: INFO: (message)s
05/03/2024 01:01:06 PM: INFO: (message)s
05/03/2024 01:01:09 PM: INFO: (message)s
05/03/2024 01:01:09 PM: INFO: (message)s
05/03/2024 01:01:09 PM: INFO: (message)s
05/03/2024 01:01:09 PM: INFO: (message)s
05/03/2024 01:01:11 PM: INFO: (message)s
05/03/2024 01:01:12 PM: INFO: (message)s
05/03/2024 01:01:12 PM: INFO: (message)s
05/03/2024 01:01:13 PM: INFO: (message)s
05/03/2024 01:01:13 PM: INFO: (message)s
05/03/2024 01:01:13 PM: INFO: (message)s
05/03/2024 01:01:14 PM: INFO: (message)s
05/03/2024 01:01:15 PM: INFO: (message)s
05/03/2024 01:01:15 PM: INFO: (message)s
05/03/2024 01:01:15 PM: INFO: (message)s
05/03/2024 01:01:15 PM: INFO: (message)s
05/03/2024 01:01:15 PM: INFO: (message)s
05/03/2024 01:01:15 PM: INFO: (message)s
05/03/2024 01:01:15 PM: INFO: (message)s
05/03/2024 01:01:15 PM: INFO: (message)s
05/03/2024 01:01:15 PM: INFO: (message)s
05/03/2024 01:01:15 PM: INFO: (message)s
05/03/2024 01:01:15 PM: INFO: (message)s
05/03/2024 01:01:16 PM: INFO: (message)s
05/03/2024 01:01:16 PM: INFO: (message)s
05/03/2024 01:01:16 PM: INFO: (message)s
05/03/2024 01:01:16 PM: INFO: (message)s
05/03/2024 01:01:16 PM: INFO: (message)s
05/03/2024 01:01:16 PM: INFO: (message)s
05/03/2024 01:01:16 PM: INFO: (message)s
05/03/2024 01:01:16 PM: INFO: (message)s
05/03/2024 01:01:16 PM: INFO: (message)s
05/03/2024 01:01:16 PM: INFO: (message)s
05/03/2024 01:01:16 PM: INFO: (message)s
05/03/2024 01:01:16 PM: INFO: (message)s
05/03/2024 01:01:16 PM: INFO: (message)s
05/03/2024 01:01:16 PM: INFO: (message)s
05/03/2024 01:01:16 PM: INFO: (message)s
05/03/2024 01:01:16 PM: INFO: (message)s
05/03/2024 01:01:16 PM: INFO: (message)s
05/03/2024 01:01:16 PM: INFO: (message)s
05/03/2024 01:01:16 PM: INFO: (message)s
05/03/2024 01:01:16 PM: INFO: (message)s
05/03/2024 01:01:16 PM: INFO: (message)s
05/03/2024 01:01:24 PM: INFO: (message)s
05/03/2024 01:01:24 PM: INFO: (message)s
05/03/2024 01:01:28 PM: INFO: (message)s
05/03/2024 01:01:28 PM: INFO: (message)s
05/03/2024 01:01:28 PM: INFO: (message)s
05/03/2024 01:01:29 PM: INFO: (message)s
05/03/2024 01:01:29 PM: INFO: (message)s
05/03/2024 01:01:30 PM: INFO: (message)s
05/03/2024 01:01:30 PM: INFO: (message)s
05/03/2024 01:01:32 PM: INFO: (message)s
05/03/2024 01:01:32 PM: INFO: (message)s
05/03/2024 01:01:35 PM: INFO: (message)s
05/03/2024 01:01:35 PM: INFO: (message)s
05/03/2024 01:01:35 PM: INFO: (message)s
05/03/2024 01:01:40 PM: INFO: (message)s
05/03/2024 01:02:47 PM: INFO: (message)s
05/03/2024 01:02:47 PM: INFO: (message)s
05/03/2024 01:02:47 PM: INFO: (message)s
05/03/2024 01:02:51 PM: INFO: (message)s
05/03/2024 01:02:51 PM: INFO: (message)s
05/03/2024 01:02:51 PM: INFO: (message)s
05/03/2024 01:02:52 PM: INFO: (message)s
05/03/2024 01:02:54 PM: INFO: (message)s
05/03/2024 01:02:54 PM: INFO: (message)s
05/03/2024 01:02:54 PM: INFO: (message)s
05/03/2024 01:02:55 PM: INFO: (message)s
05/03/2024 01:02:56 PM: INFO: (message)s
05/03/2024 01:02:56 PM: INFO: (message)s
05/03/2024 01:02:57 PM: INFO: (message)s
05/03/2024 01:02:58 PM: INFO: (message)s
05/03/2024 01:02:58 PM: INFO: (message)s
05/03/2024 01:02:58 PM: INFO: (message)s
05/03/2024 01:02:58 PM: INFO: (message)s
05/03/2024 01:02:58 PM: INFO: (message)s
05/03/2024 01:02:58 PM: INFO: (message)s
05/03/2024 01:02:58 PM: INFO: (message)s
05/03/2024 01:02:58 PM: INFO: (message)s
05/03/2024 01:02:58 PM: INFO: (message)s
05/03/2024 01:02:58 PM: INFO: (message)s
05/03/2024 01:02:58 PM: INFO: (message)s
05/03/2024 01:02:58 PM: INFO: (message)s
05/03/2024 01:02:59 PM: INFO: (message)s
05/03/2024 01:02:59 PM: INFO: (message)s
05/03/2024 01:02:59 PM: INFO: (message)s
05/03/2024 01:02:59 PM: INFO: (message)s
05/03/2024 01:02:59 PM: INFO: (message)s
05/03/2024 01:02:59 PM: INFO: (message)s
05/03/2024 01:02:59 PM: INFO: (message)s
05/03/2024 01:02:59 PM: INFO: (message)s
05/03/2024 01:02:59 PM: INFO: (message)s
05/03/2024 01:02:59 PM: INFO: (message)s
05/03/2024 01:02:59 PM: INFO: (message)s
05/03/2024 01:02:59 PM: INFO: (message)s
05/03/2024 01:02:59 PM: INFO: (message)s
05/03/2024 01:02:59 PM: INFO: (message)s
05/03/2024 01:03:06 PM: INFO: (message)s
05/03/2024 01:03:08 PM: INFO: (message)s
05/03/2024 01:03:11 PM: INFO: (message)s
05/03/2024 01:03:11 PM: INFO: (message)s
05/03/2024 01:03:11 PM: INFO: (message)s
05/03/2024 01:03:13 PM: INFO: (message)s
05/03/2024 01:03:13 PM: INFO: (message)s
05/03/2024 01:03:13 PM: INFO: (message)s
05/03/2024 01:03:14 PM: INFO: (message)s
05/03/2024 01:03:16 PM: INFO: (message)s
05/03/2024 01:03:16 PM: INFO: (message)s
05/03/2024 01:03:18 PM: INFO: (message)s
05/03/2024 01:03:18 PM: INFO: (message)s
05/03/2024 01:03:18 PM: INFO: (message)s
05/03/2024 01:03:22 PM: INFO: (message)s
05/03/2024 01:52:00 PM: INFO: (message)s
05/03/2024 01:52:01 PM: INFO: (message)s
05/03/2024 01:52:04 PM: INFO: (message)s
05/03/2024 01:52:04 PM: INFO: (message)s
05/03/2024 01:52:04 PM: INFO: (message)s
05/03/2024 01:52:05 PM: INFO: (message)s
05/03/2024 01:52:07 PM: INFO: (message)s
05/03/2024 01:52:07 PM: INFO: (message)s
05/03/2024 01:52:08 PM: INFO: (message)s
05/03/2024 01:52:09 PM: INFO: (message)s
05/03/2024 01:52:10 PM: INFO: (message)s
05/03/2024 01:52:10 PM: INFO: (message)s
05/03/2024 01:52:10 PM: INFO: (message)s
05/03/2024 01:52:10 PM: INFO: (message)s
05/03/2024 01:52:10 PM: INFO: (message)s
05/03/2024 01:52:10 PM: INFO: (message)s
05/03/2024 01:52:10 PM: INFO: (message)s
05/03/2024 01:52:10 PM: INFO: (message)s
05/03/2024 01:52:10 PM: INFO: (message)s
05/03/2024 01:52:10 PM: INFO: (message)s
05/03/2024 01:52:10 PM: INFO: (message)s
05/03/2024 01:52:10 PM: INFO: (message)s
05/03/2024 01:52:10 PM: INFO: (message)s
05/03/2024 01:52:10 PM: INFO: (message)s
05/03/2024 01:52:10 PM: INFO: (message)s
05/03/2024 01:52:10 PM: INFO: (message)s
05/03/2024 01:52:10 PM: INFO: (message)s
05/03/2024 01:52:10 PM: INFO: (message)s
05/03/2024 01:52:10 PM: INFO: (message)s
05/03/2024 01:52:10 PM: INFO: (message)s
05/03/2024 01:52:10 PM: INFO: (message)s
05/03/2024 01:52:10 PM: INFO: (message)s
05/03/2024 01:52:10 PM: INFO: (message)s
05/03/2024 01:52:10 PM: INFO: (message)s
05/03/2024 01:52:10 PM: INFO: (message)s
05/03/2024 05:19:16 PM: INFO: (message)s
05/03/2024 05:19:16 PM: INFO: (message)s
05/03/2024 05:19:16 PM: INFO: (message)s
05/03/2024 05:19:20 PM: INFO: (message)s
05/03/2024 05:19:21 PM: INFO: (message)s
05/03/2024 05:19:21 PM: INFO: (message)s
05/03/2024 05:19:21 PM: INFO: (message)s
05/03/2024 05:19:21 PM: INFO: (message)s
05/03/2024 05:19:23 PM: INFO: (message)s
05/03/2024 05:19:23 PM: INFO: (message)s
05/03/2024 05:19:24 PM: INFO: (message)s
05/03/2024 05:19:24 PM: INFO: (message)s
05/03/2024 05:19:25 PM: INFO: (message)s
05/03/2024 05:19:25 PM: INFO: (message)s
05/03/2024 05:19:26 PM: INFO: (message)s
05/03/2024 05:19:26 PM: INFO: (message)s
05/03/2024 05:19:26 PM: INFO: (message)s
05/03/2024 05:19:26 PM: INFO: (message)s
05/03/2024 05:19:26 PM: INFO: (message)s
05/03/2024 05:19:26 PM: INFO: (message)s
05/03/2024 05:19:26 PM: INFO: (message)s
05/03/2024 05:19:26 PM: INFO: (message)s
05/03/2024 05:19:26 PM: INFO: (message)s
05/03/2024 05:19:26 PM: INFO: (message)s
05/03/2024 05:19:26 PM: INFO: (message)s
05/03/2024 05:19:30 PM: INFO: (message)s
05/03/2024 05:19:33 PM: INFO: (message)s
05/03/2024 05:19:33 PM: INFO: (message)s
05/03/2024 05:19:35 PM: INFO: (message)s
05/03/2024 05:19:35 PM: INFO: (message)s
05/03/2024 05:19:37 PM: INFO: (message)s
05/03/2024 05:19:37 PM: INFO: (message)s
05/03/2024 05:19:39 PM: INFO: (message)s
05/03/2024 05:19:39 PM: INFO: (message)s
05/03/2024 05:19:52 PM: INFO: (message)s
05/03/2024 05:19:56 PM: INFO: (message)s
05/03/2024 05:19:57 PM: INFO: (message)s
05/03/2024 05:19:57 PM: INFO: (message)s
05/03/2024 05:20:03 PM: INFO: (message)s
05/03/2024 05:20:08 PM: INFO: (message)s
05/03/2024 05:35:48 PM: INFO: (message)s
05/03/2024 05:35:48 PM: INFO: (message)s
05/03/2024 05:35:48 PM: INFO: (message)s
05/03/2024 05:35:52 PM: INFO: (message)s
05/03/2024 05:35:53 PM: INFO: (message)s
05/03/2024 05:35:53 PM: INFO: (message)s
05/03/2024 05:35:53 PM: INFO: (message)s
05/03/2024 05:35:53 PM: INFO: (message)s
05/03/2024 05:35:55 PM: INFO: (message)s
05/03/2024 05:35:55 PM: INFO: (message)s
05/03/2024 05:35:56 PM: INFO: (message)s
05/03/2024 05:35:56 PM: INFO: (message)s
05/03/2024 05:35:57 PM: INFO: (message)s
05/03/2024 05:35:57 PM: INFO: (message)s
05/03/2024 05:35:58 PM: INFO: (message)s
05/03/2024 05:35:58 PM: INFO: (message)s
05/03/2024 05:35:58 PM: INFO: (message)s
05/03/2024 05:35:58 PM: INFO: (message)s
05/03/2024 05:35:58 PM: INFO: (message)s
05/03/2024 05:35:59 PM: INFO: (message)s
05/03/2024 05:35:59 PM: INFO: (message)s
05/03/2024 05:35:59 PM: INFO: (message)s
05/03/2024 05:35:59 PM: INFO: (message)s
05/03/2024 05:35:59 PM: INFO: (message)s
05/03/2024 05:35:59 PM: INFO: (message)s
05/03/2024 05:35:59 PM: INFO: (message)s
05/03/2024 05:35:59 PM: INFO: (message)s
05/03/2024 05:35:59 PM: INFO: (message)s
05/03/2024 05:35:59 PM: INFO: (message)s
05/03/2024 05:35:59 PM: INFO: (message)s
05/03/2024 05:35:59 PM: INFO: (message)s
05/03/2024 05:35:59 PM: INFO: (message)s
05/03/2024 05:35:59 PM: INFO: (message)s
05/03/2024 05:35:59 PM: INFO: (message)s
05/03/2024 05:35:59 PM: INFO: (message)s
05/03/2024 05:35:59 PM: INFO: (message)s
05/03/2024 05:35:59 PM: INFO: (message)s
05/03/2024 05:35:59 PM: INFO: (message)s
05/03/2024 05:35:59 PM: INFO: (message)s
05/03/2024 05:35:59 PM: INFO: (message)s
05/03/2024 05:35:59 PM: INFO: (message)s
05/03/2024 05:35:59 PM: INFO: (message)s
05/03/2024 05:35:59 PM: INFO: (message)s
05/03/2024 05:35:59 PM: INFO: (message)s
05/03/2024 05:35:59 PM: INFO: (message)s
05/03/2024 05:36:07 PM: INFO: (message)s
05/03/2024 05:36:09 PM: INFO: (message)s
05/03/2024 05:36:13 PM: INFO: (message)s
05/03/2024 05:36:13 PM: INFO: (message)s
05/03/2024 05:36:14 PM: INFO: (message)s
05/03/2024 05:36:15 PM: INFO: (message)s
05/03/2024 05:36:15 PM: INFO: (message)s
05/03/2024 05:36:15 PM: INFO: (message)s
05/03/2024 05:36:15 PM: INFO: (message)s
05/03/2024 05:36:17 PM: INFO: (message)s
05/03/2024 05:36:17 PM: INFO: (message)s
05/03/2024 05:36:20 PM: INFO: (message)s
05/03/2024 05:36:20 PM: INFO: (message)s
05/03/2024 05:36:21 PM: INFO: (message)s
05/03/2024 05:36:26 PM: INFO: (message)s
05/03/2024 05:52:43 PM: INFO: (message)s
05/03/2024 05:52:43 PM: INFO: (message)s
05/03/2024 05:52:44 PM: INFO: (message)s
05/03/2024 05:52:50 PM: INFO: (message)s
05/03/2024 05:52:50 PM: INFO: (message)s
05/03/2024 05:52:50 PM: INFO: (message)s
05/03/2024 05:52:50 PM: INFO: (message)s
05/03/2024 05:52:50 PM: INFO: (message)s
05/03/2024 05:52:54 PM: INFO: (message)s
05/03/2024 05:52:54 PM: INFO: (message)s
05/03/2024 05:52:55 PM: INFO: (message)s
05/03/2024 05:52:55 PM: INFO: (message)s
05/03/2024 05:52:55 PM: INFO: (message)s
05/03/2024 05:52:57 PM: INFO: (message)s
05/03/2024 05:52:57 PM: INFO: (message)s
05/03/2024 05:52:57 PM: INFO: (message)s
05/03/2024 05:52:57 PM: INFO: (message)s
05/03/2024 05:52:57 PM: INFO: (message)s
05/03/2024 05:52:57 PM: INFO: (message)s
05/03/2024 05:52:57 PM: INFO: (message)s
05/03/2024 05:52:57 PM: INFO: (message)s
05/03/2024 05:52:57 PM: INFO: (message)s
05/03/2024 05:52:57 PM: INFO: (message)s
05/03/2024 05:52:57 PM: INFO: (message)s
05/03/2024 05:52:57 PM: INFO: (message)s
05/03/2024 05:52:57 PM: INFO: (message)s
05/03/2024 05:52:57 PM: INFO: (message)s
05/03/2024 05:52:58 PM: INFO: (message)s
05/03/2024 05:52:58 PM: INFO: (message)s
05/03/2024 05:52:58 PM: INFO: (message)s
05/03/2024 05:52:58 PM: INFO: (message)s
05/03/2024 05:52:58 PM: INFO: (message)s
05/03/2024 05:52:58 PM: INFO: (message)s
05/03/2024 05:52:58 PM: INFO: (message)s
05/03/2024 05:52:58 PM: INFO: (message)s
05/03/2024 05:52:58 PM: INFO: (message)s
05/03/2024 05:52:58 PM: INFO: (message)s
05/03/2024 05:52:58 PM: INFO: (message)s
05/03/2024 05:52:58 PM: INFO: (message)s
05/03/2024 05:52:58 PM: INFO: (message)s
05/03/2024 05:52:58 PM: INFO: (message)s
05/03/2024 05:52:58 PM: INFO: (message)s
05/03/2024 05:52:58 PM: INFO: (message)s
05/03/2024 05:52:58 PM: INFO: (message)s
05/03/2024 05:52:58 PM: INFO: (message)s
05/03/2024 05:52:58 PM: INFO: (message)s
05/03/2024 05:52:58 PM: INFO: (message)s
05/03/2024 05:53:06 PM: INFO: (message)s
05/03/2024 05:53:08 PM: INFO: (message)s
05/03/2024 05:53:11 PM: INFO: (message)s
05/03/2024 05:53:12 PM: INFO: (message)s
05/03/2024 05:53:12 PM: INFO: (message)s
05/03/2024 05:53:13 PM: INFO: (message)s
05/03/2024 05:53:13 PM: INFO: (message)s
05/03/2024 05:53:13 PM: INFO: (message)s
05/03/2024 05:53:13 PM: INFO: (message)s
05/03/2024 05:53:15 PM: INFO: (message)s
05/03/2024 05:53:15 PM: INFO: (message)s
05/03/2024 05:53:17 PM: INFO: (message)s
05/03/2024 05:53:17 PM: INFO: (message)s
05/03/2024 05:53:22 PM: INFO: (message)s
05/03/2024 05:53:27 PM: INFO: (message)s
05/09/2024 10:27:01 AM: INFO: (message)s
05/09/2024 10:27:01 AM: INFO: (message)s
05/09/2024 10:27:01 AM: INFO: (message)s
05/09/2024 10:27:03 AM: INFO: (message)s
05/09/2024 10:27:03 AM: INFO: (message)s
05/09/2024 10:27:03 AM: INFO: (message)s
05/09/2024 10:27:03 AM: INFO: (message)s
05/09/2024 10:27:04 AM: INFO: (message)s
05/09/2024 10:27:07 AM: INFO: (message)s
05/09/2024 10:27:22 AM: INFO: (message)s
05/09/2024 10:27:23 AM: INFO: (message)s
05/09/2024 10:27:24 AM: INFO: (message)s
05/09/2024 10:27:28 AM: INFO: (message)s
05/09/2024 10:27:30 AM: INFO: (message)s
05/09/2024 10:27:51 AM: INFO: (message)s
05/09/2024 10:27:53 AM: INFO: (message)s
05/09/2024 10:27:54 AM: INFO: (message)s
05/09/2024 10:27:54 AM: INFO: (message)s
05/09/2024 10:28:01 AM: INFO: (message)s
05/09/2024 10:28:06 AM: INFO: (message)s
05/09/2024 10:40:49 AM: INFO: (message)s
05/09/2024 10:40:49 AM: INFO: (message)s
05/09/2024 10:40:49 AM: INFO: (message)s
05/09/2024 10:40:51 AM: INFO: (message)s
05/09/2024 10:40:51 AM: INFO: (message)s
05/09/2024 10:40:51 AM: INFO: (message)s
05/09/2024 10:40:51 AM: INFO: (message)s
05/09/2024 10:40:51 AM: INFO: (message)s
05/09/2024 10:40:55 AM: INFO: (message)s
05/09/2024 10:41:16 AM: INFO: (message)s
05/09/2024 10:41:17 AM: INFO: (message)s
05/09/2024 10:41:18 AM: INFO: (message)s
05/09/2024 10:41:19 AM: INFO: (message)s
05/09/2024 10:41:19 AM: INFO: (message)s
05/09/2024 10:41:26 AM: INFO: (message)s
05/09/2024 10:41:31 AM: INFO: (message)s
05/11/2024 07:44:02 AM: INFO: (message)s
05/11/2024 07:44:02 AM: INFO: (message)s
05/11/2024 07:44:02 AM: INFO: (message)s
05/11/2024 07:44:06 AM: INFO: (message)s
05/11/2024 07:44:06 AM: INFO: (message)s
05/11/2024 07:44:07 AM: INFO: (message)s
05/11/2024 07:44:07 AM: INFO: (message)s
05/11/2024 07:44:07 AM: INFO: (message)s
05/11/2024 07:44:11 AM: INFO: (message)s
05/11/2024 07:44:12 AM: INFO: (message)s
05/11/2024 07:44:12 AM: INFO: (message)s
05/11/2024 07:44:15 AM: INFO: (message)s
05/11/2024 07:44:15 AM: INFO: (message)s
05/11/2024 07:44:15 AM: INFO: (message)s
05/11/2024 07:44:15 AM: INFO: (message)s
05/11/2024 07:44:15 AM: INFO: (message)s
05/11/2024 07:44:15 AM: INFO: (message)s
05/11/2024 07:44:15 AM: INFO: (message)s
05/11/2024 07:44:15 AM: INFO: (message)s
05/11/2024 07:44:15 AM: INFO: (message)s
05/11/2024 07:44:15 AM: INFO: (message)s
05/11/2024 07:44:15 AM: INFO: (message)s
05/11/2024 07:44:15 AM: INFO: (message)s
05/11/2024 07:44:15 AM: INFO: (message)s
05/11/2024 07:44:15 AM: INFO: (message)s
05/11/2024 07:44:15 AM: INFO: (message)s
05/11/2024 07:44:15 AM: INFO: (message)s
05/11/2024 07:44:15 AM: INFO: (message)s
05/11/2024 07:44:15 AM: INFO: (message)s
05/11/2024 07:44:15 AM: INFO: (message)s
05/11/2024 07:44:15 AM: INFO: (message)s
05/11/2024 07:44:15 AM: INFO: (message)s
05/11/2024 07:44:16 AM: INFO: (message)s
05/11/2024 07:44:16 AM: INFO: (message)s
05/11/2024 07:44:16 AM: INFO: (message)s
05/11/2024 07:44:16 AM: INFO: (message)s
05/11/2024 07:44:16 AM: INFO: (message)s
05/11/2024 07:44:16 AM: INFO: (message)s
05/11/2024 07:44:16 AM: INFO: (message)s
05/11/2024 07:44:23 AM: INFO: (message)s
05/11/2024 07:44:29 AM: INFO: (message)s
05/11/2024 07:44:29 AM: INFO: (message)s
05/11/2024 07:44:29 AM: INFO: (message)s
05/11/2024 07:44:30 AM: INFO: (message)s
05/11/2024 07:44:30 AM: INFO: (message)s
05/11/2024 07:44:32 AM: INFO: (message)s
05/11/2024 07:44:32 AM: INFO: (message)s
05/11/2024 07:44:34 AM: INFO: (message)s
05/11/2024 07:44:34 AM: INFO: (message)s
05/11/2024 07:44:36 AM: INFO: (message)s
05/11/2024 07:44:36 AM: INFO: (message)s
05/11/2024 07:44:44 AM: INFO: (message)s
05/11/2024 07:44:47 AM: INFO: (message)s
05/11/2024 07:44:48 AM: INFO: (message)s
05/11/2024 07:44:48 AM: INFO: (message)s
05/11/2024 07:44:55 AM: INFO: (message)s
05/11/2024 07:45:00 AM: INFO: (message)s
05/11/2024 07:45:52 AM: INFO: (message)s
05/11/2024 07:45:52 AM: INFO: (message)s
05/11/2024 07:45:52 AM: INFO: (message)s
05/11/2024 07:45:56 AM: INFO: (message)s
05/11/2024 07:45:56 AM: INFO: (message)s
05/11/2024 07:45:56 AM: INFO: (message)s
05/11/2024 07:45:56 AM: INFO: (message)s
05/11/2024 07:45:56 AM: INFO: (message)s
05/11/2024 07:46:00 AM: INFO: (message)s
05/11/2024 07:46:02 AM: INFO: (message)s
05/11/2024 07:46:02 AM: INFO: (message)s
05/11/2024 07:46:05 AM: INFO: (message)s
05/11/2024 07:46:05 AM: INFO: (message)s
05/11/2024 07:46:05 AM: INFO: (message)s
05/11/2024 07:46:05 AM: INFO: (message)s
05/11/2024 07:46:05 AM: INFO: (message)s
05/11/2024 07:46:05 AM: INFO: (message)s
05/11/2024 07:46:05 AM: INFO: (message)s
05/11/2024 07:46:05 AM: INFO: (message)s
05/11/2024 07:46:05 AM: INFO: (message)s
05/11/2024 07:46:05 AM: INFO: (message)s
05/11/2024 07:46:05 AM: INFO: (message)s
05/11/2024 07:46:05 AM: INFO: (message)s
05/11/2024 07:46:05 AM: INFO: (message)s
05/11/2024 07:46:05 AM: INFO: (message)s
05/11/2024 07:46:05 AM: INFO: (message)s
05/11/2024 07:46:06 AM: INFO: (message)s
05/11/2024 07:46:06 AM: INFO: (message)s
05/11/2024 07:46:06 AM: INFO: (message)s
05/11/2024 07:46:06 AM: INFO: (message)s
05/11/2024 07:46:06 AM: INFO: (message)s
05/11/2024 07:46:06 AM: INFO: (message)s
05/11/2024 07:46:06 AM: INFO: (message)s
05/11/2024 07:46:06 AM: INFO: (message)s
05/11/2024 07:46:06 AM: INFO: (message)s
05/11/2024 07:46:06 AM: INFO: (message)s
05/11/2024 07:46:06 AM: INFO: (message)s
05/11/2024 07:46:06 AM: INFO: (message)s
05/11/2024 07:46:06 AM: INFO: (message)s
05/11/2024 07:46:06 AM: INFO: (message)s
05/11/2024 07:46:14 AM: INFO: (message)s
05/11/2024 07:46:21 AM: INFO: (message)s
05/11/2024 07:46:21 AM: INFO: (message)s
05/11/2024 07:46:24 AM: INFO: (message)s
05/11/2024 07:46:24 AM: INFO: (message)s
05/11/2024 07:46:26 AM: INFO: (message)s
05/11/2024 07:46:26 AM: INFO: (message)s
05/11/2024 07:46:26 AM: INFO: (message)s
05/11/2024 07:46:27 AM: INFO: (message)s
05/11/2024 07:46:29 AM: INFO: (message)s
05/11/2024 07:46:41 AM: INFO: (message)s
05/11/2024 07:46:43 AM: INFO: (message)s
05/11/2024 07:46:44 AM: INFO: (message)s
05/11/2024 07:46:44 AM: INFO: (message)s
05/11/2024 07:46:55 AM: INFO: (message)s
05/11/2024 07:47:00 AM: INFO: (message)s
05/11/2024 07:52:06 AM: INFO: (message)s
05/11/2024 07:52:06 AM: INFO: (message)s
05/11/2024 07:52:06 AM: INFO: (message)s
05/11/2024 07:52:08 AM: INFO: (message)s
05/11/2024 07:52:09 AM: INFO: (message)s
05/11/2024 07:52:09 AM: INFO: (message)s
05/11/2024 07:52:09 AM: INFO: (message)s
05/11/2024 07:52:10 AM: INFO: (message)s
05/11/2024 07:52:13 AM: INFO: (message)s
05/11/2024 07:52:14 AM: INFO: (message)s
05/11/2024 07:52:15 AM: INFO: (message)s
05/11/2024 07:52:17 AM: INFO: (message)s
05/11/2024 07:52:17 AM: INFO: (message)s
05/11/2024 07:52:17 AM: INFO: (message)s
05/11/2024 07:52:17 AM: INFO: (message)s
05/11/2024 07:52:17 AM: INFO: (message)s
05/11/2024 07:52:17 AM: INFO: (message)s
05/11/2024 07:52:17 AM: INFO: (message)s
05/11/2024 07:52:17 AM: INFO: (message)s
05/11/2024 07:52:17 AM: INFO: (message)s
05/11/2024 07:52:17 AM: INFO: (message)s
05/11/2024 07:52:17 AM: INFO: (message)s
05/11/2024 07:52:17 AM: INFO: (message)s
05/11/2024 07:52:17 AM: INFO: (message)s
05/11/2024 07:52:18 AM: INFO: (message)s
05/11/2024 07:52:18 AM: INFO: (message)s
05/11/2024 07:52:18 AM: INFO: (message)s
05/11/2024 07:52:18 AM: INFO: (message)s
05/11/2024 07:52:18 AM: INFO: (message)s
05/11/2024 07:52:18 AM: INFO: (message)s
05/11/2024 07:52:18 AM: INFO: (message)s
05/11/2024 07:52:18 AM: INFO: (message)s
05/11/2024 07:52:18 AM: INFO: (message)s
05/11/2024 07:52:18 AM: INFO: (message)s
05/11/2024 07:52:18 AM: INFO: (message)s
05/11/2024 07:52:18 AM: INFO: (message)s
05/11/2024 07:52:25 AM: INFO: (message)s
05/11/2024 07:52:30 AM: INFO: (message)s
05/11/2024 07:52:30 AM: INFO: (message)s
05/11/2024 07:52:31 AM: INFO: (message)s
05/11/2024 07:52:33 AM: INFO: (message)s
05/11/2024 07:52:33 AM: INFO: (message)s
05/11/2024 07:52:33 AM: INFO: (message)s
05/11/2024 07:52:35 AM: INFO: (message)s
05/11/2024 07:52:35 AM: INFO: (message)s
05/11/2024 07:52:36 AM: INFO: (message)s
05/11/2024 07:52:37 AM: INFO: (message)s
05/11/2024 07:52:37 AM: INFO: (message)s
05/11/2024 07:52:48 AM: INFO: (message)s
05/11/2024 07:52:50 AM: INFO: (message)s
05/11/2024 07:52:51 AM: INFO: (message)s
05/11/2024 07:52:51 AM: INFO: (message)s
05/11/2024 07:52:59 AM: INFO: (message)s
05/11/2024 07:53:04 AM: INFO: (message)s
05/11/2024 07:56:20 AM: INFO: (message)s
05/11/2024 07:56:20 AM: INFO: (message)s
05/11/2024 07:56:20 AM: INFO: (message)s
05/11/2024 07:56:25 AM: INFO: (message)s
05/11/2024 07:56:25 AM: INFO: (message)s
05/11/2024 07:56:25 AM: INFO: (message)s
05/11/2024 07:56:25 AM: INFO: (message)s
05/11/2024 07:56:25 AM: INFO: (message)s
05/11/2024 07:56:29 AM: INFO: (message)s
05/11/2024 07:56:31 AM: INFO: (message)s
05/11/2024 07:56:31 AM: INFO: (message)s
05/11/2024 07:56:33 AM: INFO: (message)s
05/11/2024 07:56:33 AM: INFO: (message)s
05/11/2024 07:56:33 AM: INFO: (message)s
05/11/2024 07:56:33 AM: INFO: (message)s
05/11/2024 07:56:34 AM: INFO: (message)s
05/11/2024 07:56:34 AM: INFO: (message)s
05/11/2024 07:56:34 AM: INFO: (message)s
05/11/2024 07:56:34 AM: INFO: (message)s
05/11/2024 07:56:34 AM: INFO: (message)s
05/11/2024 07:56:34 AM: INFO: (message)s
05/11/2024 07:56:34 AM: INFO: (message)s
05/11/2024 07:56:34 AM: INFO: (message)s
05/11/2024 07:56:34 AM: INFO: (message)s
05/11/2024 07:56:34 AM: INFO: (message)s
05/11/2024 07:56:34 AM: INFO: (message)s
05/11/2024 07:56:34 AM: INFO: (message)s
05/11/2024 07:56:34 AM: INFO: (message)s
05/11/2024 07:56:34 AM: INFO: (message)s
05/11/2024 07:56:34 AM: INFO: (message)s
05/11/2024 07:56:34 AM: INFO: (message)s
05/11/2024 07:56:34 AM: INFO: (message)s
05/11/2024 07:56:34 AM: INFO: (message)s
05/11/2024 07:56:34 AM: INFO: (message)s
05/11/2024 07:56:34 AM: INFO: (message)s
05/11/2024 07:56:34 AM: INFO: (message)s
05/11/2024 07:56:42 AM: INFO: (message)s
05/11/2024 07:56:48 AM: INFO: (message)s
05/11/2024 07:56:48 AM: INFO: (message)s
05/11/2024 07:56:48 AM: INFO: (message)s
05/11/2024 07:56:49 AM: INFO: (message)s
05/11/2024 07:56:50 AM: INFO: (message)s
05/11/2024 07:56:51 AM: INFO: (message)s
05/11/2024 07:56:52 AM: INFO: (message)s
05/11/2024 07:56:53 AM: INFO: (message)s
05/11/2024 07:56:53 AM: INFO: (message)s
05/11/2024 07:56:55 AM: INFO: (message)s
05/11/2024 07:56:55 AM: INFO: (message)s
05/11/2024 07:57:04 AM: INFO: (message)s
05/11/2024 07:57:06 AM: INFO: (message)s
05/11/2024 07:57:07 AM: INFO: (message)s
05/11/2024 07:57:07 AM: INFO: (message)s
05/11/2024 07:57:15 AM: INFO: (message)s
05/11/2024 07:57:20 AM: INFO: (message)s
05/11/2024 08:07:11 AM: INFO: (message)s
05/11/2024 08:07:11 AM: INFO: (message)s
05/11/2024 08:07:11 AM: INFO: (message)s
05/11/2024 08:07:15 AM: INFO: (message)s
05/11/2024 08:07:15 AM: INFO: (message)s
05/11/2024 08:07:15 AM: INFO: (message)s
05/11/2024 08:07:17 AM: INFO: (message)s
05/11/2024 08:07:17 AM: INFO: (message)s
05/11/2024 08:07:19 AM: INFO: (message)s
05/11/2024 08:07:38 AM: INFO: (message)s
05/11/2024 08:07:38 AM: INFO: (message)s
05/11/2024 08:07:40 AM: INFO: (message)s
05/11/2024 08:07:40 AM: INFO: (message)s
05/11/2024 08:07:40 AM: INFO: (message)s
05/11/2024 08:07:42 AM: INFO: (message)s
05/11/2024 08:07:42 AM: INFO: (message)s
05/11/2024 08:07:42 AM: INFO: (message)s
05/11/2024 08:07:42 AM: INFO: (message)s
05/11/2024 08:07:42 AM: INFO: (message)s
05/11/2024 08:07:42 AM: INFO: (message)s
05/11/2024 08:07:42 AM: INFO: (message)s
05/11/2024 08:07:42 AM: INFO: (message)s
05/11/2024 08:07:42 AM: INFO: (message)s
05/11/2024 08:07:42 AM: INFO: (message)s
05/11/2024 08:07:42 AM: INFO: (message)s
05/11/2024 08:07:42 AM: INFO: (message)s
05/11/2024 08:07:42 AM: INFO: (message)s
05/11/2024 08:07:42 AM: INFO: (message)s
05/11/2024 08:07:42 AM: INFO: (message)s
05/11/2024 08:07:42 AM: INFO: (message)s
05/11/2024 08:07:43 AM: INFO: (message)s
05/11/2024 08:07:43 AM: INFO: (message)s
05/11/2024 08:07:43 AM: INFO: (message)s
05/11/2024 08:07:43 AM: INFO: (message)s
05/11/2024 08:07:43 AM: INFO: (message)s
05/11/2024 08:07:43 AM: INFO: (message)s
05/11/2024 08:07:43 AM: INFO: (message)s
05/11/2024 08:07:43 AM: INFO: (message)s
05/11/2024 08:07:43 AM: INFO: (message)s
05/11/2024 08:07:43 AM: INFO: (message)s
05/11/2024 08:07:43 AM: INFO: (message)s
05/11/2024 08:07:43 AM: INFO: (message)s
05/11/2024 08:07:46 AM: INFO: (message)s
05/11/2024 08:07:48 AM: INFO: (message)s
05/11/2024 08:07:49 AM: INFO: (message)s
05/11/2024 08:07:50 AM: INFO: (message)s
05/11/2024 08:07:51 AM: INFO: (message)s
05/11/2024 08:07:52 AM: INFO: (message)s
05/11/2024 08:07:52 AM: INFO: (message)s
05/11/2024 08:07:53 AM: INFO: (message)s
05/11/2024 08:07:53 AM: INFO: (message)s
05/11/2024 08:07:55 AM: INFO: (message)s
05/11/2024 08:07:55 AM: INFO: (message)s
05/11/2024 08:07:58 AM: INFO: (message)s
05/11/2024 08:07:58 AM: INFO: (message)s
05/11/2024 08:08:00 AM: INFO: (message)s
05/11/2024 08:08:05 AM: INFO: (message)s
05/11/2024 08:10:06 AM: INFO: (message)s
05/11/2024 08:10:06 AM: INFO: (message)s
05/11/2024 08:10:06 AM: INFO: (message)s
05/11/2024 08:10:10 AM: INFO: (message)s
05/11/2024 08:10:10 AM: INFO: (message)s
05/11/2024 08:10:10 AM: INFO: (message)s
05/11/2024 08:10:10 AM: INFO: (message)s
05/11/2024 08:10:11 AM: INFO: (message)s
05/11/2024 08:10:14 AM: INFO: (message)s
05/11/2024 08:10:16 AM: INFO: (message)s
05/11/2024 08:10:16 AM: INFO: (message)s
05/11/2024 08:10:19 AM: INFO: (message)s
05/11/2024 08:10:19 AM: INFO: (message)s
05/11/2024 08:10:19 AM: INFO: (message)s
05/11/2024 08:10:19 AM: INFO: (message)s
05/11/2024 08:10:19 AM: INFO: (message)s
05/11/2024 08:10:19 AM: INFO: (message)s
05/11/2024 08:10:19 AM: INFO: (message)s
05/11/2024 08:10:19 AM: INFO: (message)s
05/11/2024 08:10:19 AM: INFO: (message)s
05/11/2024 08:10:19 AM: INFO: (message)s
05/11/2024 08:10:19 AM: INFO: (message)s
05/11/2024 08:10:19 AM: INFO: (message)s
05/11/2024 08:10:20 AM: INFO: (message)s
05/11/2024 08:10:20 AM: INFO: (message)s
05/11/2024 08:10:20 AM: INFO: (message)s
05/11/2024 08:10:20 AM: INFO: (message)s
05/11/2024 08:10:20 AM: INFO: (message)s
05/11/2024 08:10:20 AM: INFO: (message)s
05/11/2024 08:10:20 AM: INFO: (message)s
05/11/2024 08:10:20 AM: INFO: (message)s
05/11/2024 08:10:20 AM: INFO: (message)s
05/11/2024 08:10:20 AM: INFO: (message)s
05/11/2024 08:10:20 AM: INFO: (message)s
05/11/2024 08:10:20 AM: INFO: (message)s
05/11/2024 08:10:20 AM: INFO: (message)s
05/11/2024 08:10:20 AM: INFO: (message)s
05/11/2024 08:10:20 AM: INFO: (message)s
05/11/2024 08:10:20 AM: INFO: (message)s
05/11/2024 08:10:20 AM: INFO: (message)s
05/11/2024 08:10:20 AM: INFO: (message)s
05/11/2024 08:10:20 AM: INFO: (message)s
05/11/2024 08:10:24 AM: INFO: (message)s
05/11/2024 08:10:32 AM: INFO: (message)s
05/11/2024 08:10:32 AM: INFO: (message)s
05/11/2024 08:10:34 AM: INFO: (message)s
05/11/2024 08:10:35 AM: INFO: (message)s
05/11/2024 08:10:37 AM: INFO: (message)s
05/11/2024 08:10:37 AM: INFO: (message)s
05/11/2024 08:10:42 AM: INFO: (message)s
05/11/2024 08:10:42 AM: INFO: (message)s
05/11/2024 08:10:44 AM: INFO: (message)s
05/11/2024 08:10:51 AM: INFO: (message)s
05/11/2024 08:10:54 AM: INFO: (message)s
05/11/2024 08:10:55 AM: INFO: (message)s
05/11/2024 08:10:55 AM: INFO: (message)s
05/11/2024 08:11:03 AM: INFO: (message)s
05/11/2024 08:11:07 AM: INFO: (message)s
05/11/2024 08:18:29 AM: INFO: (message)s
05/11/2024 08:18:29 AM: INFO: (message)s
05/11/2024 08:18:29 AM: INFO: (message)s
05/11/2024 08:18:34 AM: INFO: (message)s
05/11/2024 08:18:34 AM: INFO: (message)s
05/11/2024 08:18:35 AM: INFO: (message)s
05/11/2024 08:18:35 AM: INFO: (message)s
05/11/2024 08:18:35 AM: INFO: (message)s
05/11/2024 08:18:39 AM: INFO: (message)s
05/11/2024 08:18:42 AM: INFO: (message)s
05/11/2024 08:18:42 AM: INFO: (message)s
05/11/2024 08:18:44 AM: INFO: (message)s
05/11/2024 08:18:44 AM: INFO: (message)s
05/11/2024 08:18:44 AM: INFO: (message)s
05/11/2024 08:18:44 AM: INFO: (message)s
05/11/2024 08:18:44 AM: INFO: (message)s
05/11/2024 08:18:44 AM: INFO: (message)s
05/11/2024 08:18:44 AM: INFO: (message)s
05/11/2024 08:18:45 AM: INFO: (message)s
05/11/2024 08:18:45 AM: INFO: (message)s
05/11/2024 08:18:45 AM: INFO: (message)s
05/11/2024 08:18:45 AM: INFO: (message)s
05/11/2024 08:18:45 AM: INFO: (message)s
05/11/2024 08:18:45 AM: INFO: (message)s
05/11/2024 08:18:45 AM: INFO: (message)s
05/11/2024 08:18:45 AM: INFO: (message)s
05/11/2024 08:18:45 AM: INFO: (message)s
05/11/2024 08:18:45 AM: INFO: (message)s
05/11/2024 08:18:45 AM: INFO: (message)s
05/11/2024 08:18:45 AM: INFO: (message)s
05/11/2024 08:18:45 AM: INFO: (message)s
05/11/2024 08:18:45 AM: INFO: (message)s
05/11/2024 08:18:45 AM: INFO: (message)s
05/11/2024 08:18:45 AM: INFO: (message)s
05/11/2024 08:18:45 AM: INFO: (message)s
05/11/2024 08:18:45 AM: INFO: (message)s
05/11/2024 08:18:45 AM: INFO: (message)s
05/11/2024 08:18:45 AM: INFO: (message)s
05/11/2024 08:18:45 AM: INFO: (message)s
05/11/2024 08:18:53 AM: INFO: (message)s
05/11/2024 08:18:58 AM: INFO: (message)s
05/11/2024 08:18:59 AM: INFO: (message)s
05/11/2024 08:19:00 AM: INFO: (message)s
05/11/2024 08:19:00 AM: INFO: (message)s
05/11/2024 08:19:00 AM: INFO: (message)s
05/11/2024 08:19:00 AM: INFO: (message)s
05/11/2024 08:19:03 AM: INFO: (message)s
05/11/2024 08:19:05 AM: INFO: (message)s
05/11/2024 08:19:05 AM: INFO: (message)s
05/11/2024 08:19:07 AM: INFO: (message)s
05/11/2024 08:19:07 AM: INFO: (message)s
05/11/2024 08:19:27 AM: INFO: (message)s
05/11/2024 08:19:30 AM: INFO: (message)s
05/11/2024 08:19:31 AM: INFO: (message)s
05/11/2024 08:19:31 AM: INFO: (message)s
05/11/2024 08:19:38 AM: INFO: (message)s
05/11/2024 08:19:43 AM: INFO: (message)s
05/12/2024 08:49:42 AM: INFO: (message)s
05/12/2024 08:49:42 AM: INFO: (message)s
05/12/2024 08:49:42 AM: INFO: (message)s
05/12/2024 08:49:49 AM: INFO: (message)s
05/12/2024 08:49:49 AM: INFO: (message)s
05/12/2024 08:49:49 AM: INFO: (message)s
05/12/2024 08:49:50 AM: INFO: (message)s
05/12/2024 08:49:50 AM: INFO: (message)s
05/12/2024 08:49:53 AM: INFO: (message)s
05/12/2024 08:49:53 AM: INFO: (message)s
05/12/2024 08:49:54 AM: INFO: (message)s
05/12/2024 08:49:56 AM: INFO: (message)s
05/12/2024 08:49:56 AM: INFO: (message)s
05/12/2024 08:49:56 AM: INFO: (message)s
05/12/2024 08:49:56 AM: INFO: (message)s
05/12/2024 08:49:56 AM: INFO: (message)s
05/12/2024 08:49:56 AM: INFO: (message)s
05/12/2024 08:49:56 AM: INFO: (message)s
05/12/2024 08:49:56 AM: INFO: (message)s
05/12/2024 08:49:56 AM: INFO: (message)s
05/12/2024 08:49:56 AM: INFO: (message)s
05/12/2024 08:49:56 AM: INFO: (message)s
05/12/2024 08:49:56 AM: INFO: (message)s
05/12/2024 08:49:56 AM: INFO: (message)s
05/12/2024 08:49:56 AM: INFO: (message)s
05/12/2024 08:49:56 AM: INFO: (message)s
05/12/2024 08:49:56 AM: INFO: (message)s
05/12/2024 08:49:56 AM: INFO: (message)s
05/12/2024 08:49:56 AM: INFO: (message)s
05/12/2024 08:49:56 AM: INFO: (message)s
05/12/2024 08:49:56 AM: INFO: (message)s
05/12/2024 08:49:56 AM: INFO: (message)s
05/12/2024 08:49:56 AM: INFO: (message)s
05/12/2024 08:49:56 AM: INFO: (message)s
05/12/2024 08:49:56 AM: INFO: (message)s
05/12/2024 08:50:04 AM: INFO: (message)s
05/12/2024 08:50:07 AM: INFO: (message)s
05/12/2024 08:50:07 AM: INFO: (message)s
05/12/2024 08:50:09 AM: INFO: (message)s
05/12/2024 08:50:09 AM: INFO: (message)s
05/12/2024 08:50:11 AM: INFO: (message)s
05/12/2024 08:50:11 AM: INFO: (message)s
05/12/2024 08:50:13 AM: INFO: (message)s
05/12/2024 08:50:13 AM: INFO: (message)s
05/12/2024 08:50:13 AM: INFO: (message)s
05/12/2024 08:50:15 AM: INFO: (message)s
05/12/2024 08:50:19 AM: INFO: (message)s
05/12/2024 08:50:19 AM: INFO: (message)s
05/12/2024 08:50:26 AM: INFO: (message)s
05/12/2024 08:50:31 AM: INFO: (message)s
05/12/2024 08:51:22 AM: INFO: (message)s
05/12/2024 08:51:22 AM: INFO: (message)s
05/12/2024 08:51:22 AM: INFO: (message)s
05/12/2024 08:51:26 AM: INFO: (message)s
05/12/2024 08:51:26 AM: INFO: (message)s
05/12/2024 08:51:27 AM: INFO: (message)s
05/12/2024 08:51:27 AM: INFO: (message)s
05/12/2024 08:51:27 AM: INFO: (message)s
05/12/2024 08:51:31 AM: INFO: (message)s
05/12/2024 08:51:31 AM: INFO: (message)s
05/12/2024 08:51:31 AM: INFO: (message)s
05/12/2024 08:51:33 AM: INFO: (message)s
05/12/2024 08:51:33 AM: INFO: (message)s
05/12/2024 08:51:33 AM: INFO: (message)s
05/12/2024 08:51:33 AM: INFO: (message)s
05/12/2024 08:51:33 AM: INFO: (message)s
05/12/2024 08:51:33 AM: INFO: (message)s
05/12/2024 08:51:33 AM: INFO: (message)s
05/12/2024 08:51:33 AM: INFO: (message)s
05/12/2024 08:51:33 AM: INFO: (message)s
05/12/2024 08:51:33 AM: INFO: (message)s
05/12/2024 08:51:33 AM: INFO: (message)s
05/12/2024 08:51:33 AM: INFO: (message)s
05/12/2024 08:51:33 AM: INFO: (message)s
05/12/2024 08:51:33 AM: INFO: (message)s
05/12/2024 08:51:33 AM: INFO: (message)s
05/12/2024 08:51:33 AM: INFO: (message)s
05/12/2024 08:51:33 AM: INFO: (message)s
05/12/2024 08:51:34 AM: INFO: (message)s
05/12/2024 08:51:34 AM: INFO: (message)s
05/12/2024 08:51:34 AM: INFO: (message)s
05/12/2024 08:51:34 AM: INFO: (message)s
05/12/2024 08:51:34 AM: INFO: (message)s
05/12/2024 08:51:34 AM: INFO: (message)s
05/12/2024 08:51:34 AM: INFO: (message)s
05/12/2024 08:51:41 AM: INFO: (message)s
05/12/2024 08:51:43 AM: INFO: (message)s
05/12/2024 08:51:44 AM: INFO: (message)s
05/12/2024 08:51:45 AM: INFO: (message)s
05/12/2024 08:51:45 AM: INFO: (message)s
05/12/2024 08:51:47 AM: INFO: (message)s
05/12/2024 08:51:47 AM: INFO: (message)s
05/12/2024 08:51:49 AM: INFO: (message)s
05/12/2024 08:51:49 AM: INFO: (message)s
05/12/2024 08:51:50 AM: INFO: (message)s
05/12/2024 08:51:52 AM: INFO: (message)s
05/12/2024 08:51:56 AM: INFO: (message)s
05/12/2024 08:51:56 AM: INFO: (message)s
05/12/2024 08:52:03 AM: INFO: (message)s
05/12/2024 08:52:08 AM: INFO: (message)s
05/12/2024 09:06:02 AM: INFO: (message)s
05/12/2024 09:06:02 AM: INFO: (message)s
05/12/2024 09:06:10 AM: INFO: (message)s
05/12/2024 09:06:12 AM: INFO: (message)s
05/12/2024 09:06:12 AM: INFO: (message)s
05/12/2024 09:06:12 AM: INFO: (message)s
05/12/2024 09:06:14 AM: INFO: (message)s
05/12/2024 09:06:17 AM: INFO: (message)s
05/12/2024 09:06:18 AM: INFO: (message)s
05/12/2024 09:06:18 AM: INFO: (message)s
05/12/2024 09:06:20 AM: INFO: (message)s
05/12/2024 09:06:20 AM: INFO: (message)s
05/12/2024 09:06:20 AM: INFO: (message)s
05/12/2024 09:06:20 AM: INFO: (message)s
05/12/2024 09:06:20 AM: INFO: (message)s
05/12/2024 09:06:20 AM: INFO: (message)s
05/12/2024 09:06:20 AM: INFO: (message)s
05/12/2024 09:06:20 AM: INFO: (message)s
05/12/2024 09:06:20 AM: INFO: (message)s
05/12/2024 09:06:20 AM: INFO: (message)s
05/12/2024 09:06:20 AM: INFO: (message)s
05/12/2024 09:06:20 AM: INFO: (message)s
05/12/2024 09:06:20 AM: INFO: (message)s
05/12/2024 09:06:20 AM: INFO: (message)s
05/12/2024 09:06:20 AM: INFO: (message)s
05/12/2024 09:06:20 AM: INFO: (message)s
05/12/2024 09:06:20 AM: INFO: (message)s
05/12/2024 09:06:20 AM: INFO: (message)s
05/12/2024 09:06:20 AM: INFO: (message)s
05/12/2024 09:06:20 AM: INFO: (message)s
05/12/2024 09:06:20 AM: INFO: (message)s
05/12/2024 09:06:20 AM: INFO: (message)s
05/12/2024 09:06:20 AM: INFO: (message)s
05/12/2024 09:06:20 AM: INFO: (message)s
05/12/2024 09:06:28 AM: INFO: (message)s
05/12/2024 09:06:30 AM: INFO: (message)s
05/12/2024 09:06:30 AM: INFO: (message)s
05/12/2024 09:06:32 AM: INFO: (message)s
05/12/2024 09:06:32 AM: INFO: (message)s
05/12/2024 09:06:34 AM: INFO: (message)s
05/12/2024 09:06:34 AM: INFO: (message)s
05/12/2024 09:06:36 AM: INFO: (message)s
05/12/2024 09:06:36 AM: INFO: (message)s
05/12/2024 09:06:38 AM: INFO: (message)s
05/12/2024 09:06:40 AM: INFO: (message)s
05/12/2024 09:06:45 AM: INFO: (message)s
05/12/2024 09:06:45 AM: INFO: (message)s
05/12/2024 09:06:52 AM: INFO: (message)s
05/12/2024 09:06:56 AM: INFO: (message)s
05/12/2024 09:21:43 AM: INFO: (message)s
05/12/2024 09:21:48 AM: INFO: (message)s
05/12/2024 09:21:49 AM: INFO: (message)s
05/12/2024 09:21:49 AM: INFO: (message)s
05/12/2024 09:21:52 AM: INFO: (message)s
05/12/2024 09:22:17 AM: INFO: (message)s
05/12/2024 09:22:20 AM: INFO: (message)s
05/12/2024 09:22:20 AM: INFO: (message)s
05/12/2024 09:22:20 AM: INFO: (message)s
05/12/2024 09:22:24 AM: INFO: (message)s
05/12/2024 09:24:51 AM: INFO: (message)s
05/12/2024 09:24:53 AM: INFO: (message)s
05/12/2024 09:24:53 AM: INFO: (message)s
05/12/2024 09:24:53 AM: INFO: (message)s
05/12/2024 09:24:57 AM: INFO: (message)s
05/12/2024 09:31:40 AM: INFO: (message)s
05/12/2024 09:31:45 AM: INFO: (message)s
05/12/2024 09:31:45 AM: INFO: (message)s
05/12/2024 09:31:45 AM: INFO: (message)s
05/12/2024 09:31:49 AM: INFO: (message)s
05/12/2024 09:33:25 AM: INFO: (message)s
05/12/2024 09:33:27 AM: INFO: (message)s
05/12/2024 09:33:27 AM: INFO: (message)s
05/12/2024 09:33:27 AM: INFO: (message)s
05/12/2024 09:33:31 AM: INFO: (message)s
05/12/2024 09:35:11 AM: INFO: (message)s
05/12/2024 09:35:13 AM: INFO: (message)s
05/12/2024 09:35:13 AM: INFO: (message)s
05/12/2024 09:35:13 AM: INFO: (message)s
05/12/2024 09:35:17 AM: INFO: (message)s
05/12/2024 09:35:48 AM: INFO: (message)s
05/12/2024 09:35:50 AM: INFO: (message)s
05/12/2024 09:35:50 AM: INFO: (message)s
05/12/2024 09:35:50 AM: INFO: (message)s
05/12/2024 09:35:54 AM: INFO: (message)s
05/12/2024 10:03:11 AM: INFO: (message)s
05/12/2024 10:03:17 AM: INFO: (message)s
05/12/2024 10:03:17 AM: INFO: (message)s
05/12/2024 10:03:17 AM: INFO: (message)s
05/12/2024 10:03:21 AM: INFO: (message)s
05/12/2024 10:23:08 AM: INFO: (message)s
05/12/2024 10:23:13 AM: INFO: (message)s
05/12/2024 10:23:13 AM: INFO: (message)s
05/12/2024 10:23:13 AM: INFO: (message)s
05/12/2024 10:23:17 AM: INFO: (message)s
05/12/2024 10:24:54 AM: INFO: (message)s
05/12/2024 10:24:56 AM: INFO: (message)s
05/12/2024 10:24:56 AM: INFO: (message)s
05/12/2024 10:24:56 AM: INFO: (message)s
05/12/2024 10:25:00 AM: INFO: (message)s
